[04:30:18][virtualfilesystem_physfs.cpp:596]: Mounted Data: D:/SteamLibrary/steamapps/common/Europa Universalis V/clausewitz/loading_screen
[04:30:18][virtualfilesystem_physfs.cpp:596]: Mounted Data: D:/SteamLibrary/steamapps/common/Europa Universalis V/jomini/loading_screen
[04:30:18][virtualfilesystem_physfs.cpp:596]: Mounted Data: D:/SteamLibrary/steamapps/common/Europa Universalis V/platform_specific_game_data
[04:30:18][virtualfilesystem_physfs.cpp:596]: Mounted Data: D:/SteamLibrary/steamapps/common/Europa Universalis V/game/loading_screen
[04:30:18][jomini_game_setup.cpp:142]: Log system initialized.
[04:30:18][pdx_task.cpp:85]: Spawning 13 worker threads
[04:30:18][pdx_paths.cpp:69]: Could not find "paths_checksummed.settings". No paths will be checksummed.
[04:30:18][systemsettings.cpp:342]: "default_settings_v1_file" is not defined in path.settings. Default "pdx_default_settings.json" will be used.
[04:30:18][systemsettings.cpp:342]: "settings_v1_file" is not defined in path.settings. Default "pdx_settings.json" will be used.
[04:30:18][pdx_json_settings.cpp:327]: [SPdxJsonSettingsIO] "pdx_settings.json" file lacks "resolution" setting in "Graphics" category.
[04:30:18][main.cpp:575]: Total startup duration: 0.3058651 seconds
[04:30:18][pdx_transition_task.cpp:392]: Running OnTransitionStateChanged callback for state 1, transition: Empty->SplashScreen
[04:30:18][pdx_transition_task.cpp:395]: Setting Task state 1
[04:30:18][game_commandline.cpp:112]: Build configuration: ReleaseLto
[04:30:18][game_commandline.cpp:121]: CommandLine arguments: -high
[04:30:18][pdx_paths.cpp:69]: Could not find "paths_checksummed.settings". No paths will be checksummed.
[04:30:19][pdx_account.cpp:630]: Starting up PDX SDK
[04:30:19][pdx_matchmaking.cpp:68]: Matchmaking Interface: Steam
[04:30:19][pdx_json_settings.cpp:327]: [SPdxJsonSettingsIO] "pdx_settings.json" file lacks "language" setting in "System" category.
[04:30:19][pdxassetutil.cpp:304]: ThreadedInitTextureLookup: gfx/models
[04:30:19][pdxassetutil.cpp:313]: ThreadedInitTextureLookup found 16 files
[04:30:19][pdx_json_settings.cpp:327]: [SPdxJsonSettingsIO] "pdx_settings.json" file lacks "device" setting in "Graphics" category.
[04:30:19][gfx_dx12_master_context.cpp:131]: Adapter 0: NVIDIA GeForce RTX 2060 (5945.00 MB)
[04:30:19][gfx_dx12_master_context.cpp:131]: Adapter 1: Microsoft Basic Render Driver (0.00 MB)
[04:30:19][gfx_dx12_master_context.cpp:380]: Created DX12 device with feature level: 'D3D_FEATURE_LEVEL_12_1'
[04:30:19][gfx_dx12_master_context.cpp:131]: Selected adapter: NVIDIA GeForce RTX 2060 (5945.00 MB)
[04:30:19][gfx_dx12_master_context.cpp:426]: VendorId: 4318
[04:30:19][gfx_dx12_master_context.cpp:427]: DeviceId: 7817
[04:30:19][gfx_dx12_master_context.cpp:428]: SubSysId: 1076565080
[04:30:19][gfx_dx12_master_context.cpp:429]: Revision: 161
[04:30:20][pdx_json_settings.cpp:327]: [SPdxJsonSettingsIO] "pdx_settings.json" file lacks "multi_sampling" setting in "Graphics" category.
[04:30:20][pdx_audio2.cpp:634]: Creating Wwise sound engine
[04:30:20][audio2_wwise.cpp:319]: [Wwise] Configuration: Release
[04:30:20][pdxfilewatcher.cpp:197]: Filewatcher listeners were added for the following directories: gfx/skins, but at least some of them were not mounted. If they will be mounted later, filewatcher will pick them up, otherwise some hot-reloading functionality will be missing.
[04:30:20][pdx_json_settings.cpp:327]: [SPdxJsonSettingsIO] "pdx_settings.json" file lacks "quality" setting in "Graphics" category.
[04:30:20][pdx_json_doc_serialize.cpp:98]: Skipped member: `Value : "off"`
[04:30:20][pdx_json_doc_serialize.cpp:98]: Skipped member: `TriggerValue : true`
[04:30:20][pdx_json_doc_serialize.cpp:98]: Skipped member: `Value : "DISABLED"`
[04:30:20][pdx_json_doc_serialize.cpp:98]: Skipped member: `TriggerValue : "dlss"`
[04:30:20][pdx_json_settings.cpp:427]: [SPdxJsonSettingsIO] Category:"System" Setting:"common" won't be written 
[04:30:20][pdx_json_settings.cpp:427]: [SPdxJsonSettingsIO] Category:"System" Setting:"window_tab" won't be written 
[04:30:20][pdx_json_settings.cpp:427]: [SPdxJsonSettingsIO] Category:"System" Setting:"map" won't be written 
[04:30:20][pdx_json_settings.cpp:427]: [SPdxJsonSettingsIO] Category:"System" Setting:"map_modes" won't be written 
[04:30:20][pdx_json_settings.cpp:427]: [SPdxJsonSettingsIO] Category:"System" Setting:"pause_menu" won't be written 
[04:30:20][jomini_social.cpp:20]: Created Jomini Social
[04:30:20][pdx_transition_task.cpp:355]: Transition Empty->SplashScreen took: 1.8402748 seconds
[04:30:20][pdx_transition_task.cpp:392]: Running OnTransitionStateChanged callback for state 4, transition: Empty->SplashScreen
[04:30:20][pdx_transition_task.cpp:395]: Setting Task state 4
[04:30:20][pdx_transition_task.cpp:392]: Running OnTransitionStateChanged callback for state 1, transition: SplashScreen->LoadingScreen
[04:30:20][pdx_transition_task.cpp:395]: Setting Task state 1
[04:30:20][virtualfilesystem_physfs.cpp:596]: Mounted Data: D:/SteamLibrary/steamapps/common/Europa Universalis V/game/dlc
[04:30:20][dlc_reloadable.cpp:616]: DLC:
Mod:

[04:30:20][virtualfilesystem_physfs.cpp:596]: Mounted Data: D:/SteamLibrary/steamapps/common/Europa Universalis V/game/mod
[04:30:20][dlc_reloadable.cpp:378]: Switching to playset index 2, Name: My mod
[04:30:20][pdx_json_doc_serialize.cpp:98]: Skipped member: `game_id : "eu5"`
[04:30:20][pdx_json_doc_serialize.cpp:98]: Skipped member: `picture : "thumbnail.png"`
[04:30:20][pdx_json_doc_serialize.cpp:98]: Skipped member: `picture : "thumbnail.png"`
[04:30:20][pdx_json_doc_serialize.cpp:98]: Skipped member: `picture : "thumbnail.png"`
[04:30:20][pdx_json_doc_serialize.cpp:98]: Skipped member: `picture : "thumbnail.png"`
[04:30:20][pdx_json_doc_serialize.cpp:98]: Skipped member: `game_id : "eu5"`
[04:30:20][pdx_json_doc_serialize.cpp:98]: Skipped member: `thumbnail : "thumbnail.png"`
[04:30:20][pdx_json_doc_serialize.cpp:98]: Skipped member: `picture : "thumbnail.png"`
[04:30:20][pdx_json_doc_serialize.cpp:98]: Skipped member: `picture : "thumbnail.png"`
[04:30:20][pdx_json_doc_serialize.cpp:98]: Skipped member: `picture : "thumbnail.png"`
[04:30:20][pdx_json_doc_serialize.cpp:98]: Skipped member: `picture : "thumbnail.png"`
[04:30:20][pdx_json_doc_serialize.cpp:98]: Skipped member: `picture : "thumbnail.png"`
[04:30:20][pdx_json_doc_serialize.cpp:98]: Skipped member: `picture : "thumbnail.png"`
[04:30:20][pdx_json_doc_serialize.cpp:98]: Skipped member: `picture : "thumbnail.png"`
[04:30:20][pdx_json_doc_serialize.cpp:98]: Skipped member: `picture : "thumbnail.png"`
[04:30:20][pdx_json_doc_serialize.cpp:98]: Skipped member: `picture : "thumbnail.png"`
[04:30:20][pdx_json_doc_serialize.cpp:98]: Skipped member: `picture : "thumbnail.png"`
[04:30:20][pdx_json_doc_serialize.cpp:98]: Skipped member: `picture : "thumbnail.png"`
[04:30:20][pdx_json_doc_serialize.cpp:98]: Skipped member: `thumbnail : "thumbnail.png"`
[04:30:20][pdx_json_doc_serialize.cpp:98]: Skipped member: `picture : "thumbnail.png"`
[04:30:20][pdx_json_doc_serialize.cpp:98]: Skipped member: `picture : "thumbnail.png"`
[04:30:20][pdx_json_doc_serialize.cpp:98]: Skipped member: `picture : "thumbnail.png"`
[04:30:20][pdx_json_doc_serialize.cpp:98]: Skipped member: `picture : "thumbnail.png"`
[04:30:20][pdx_json_doc_serialize.cpp:98]: Skipped member: `picture : "thumbnail.png"`
[04:30:20][dlc_reloadable.cpp:333]: Mod Lucky Donation (lucky_donation) version 1.* successfully matched game version 1.0.9.
[04:30:21][virtualfilesystem_physfs.cpp:604]: No subdirs mounted for game dir from candidates: D:/SteamLibrary/steamapps/common/Europa Universalis V/game/dlc/D015_ancient_monuments_pack
[04:30:21][virtualfilesystem_physfs.cpp:604]: No subdirs mounted for game dir from candidates: D:/SteamLibrary/steamapps/common/Europa Universalis V/game/dlc/D000_shared
[04:30:21][virtualfilesystem_physfs.cpp:604]: No subdirs mounted for game dir from candidates: C:/Users/Craig.CraigBates-PC/Documents/Paradox Interactive/Europa Universalis V/mod/lucky_donation/
[04:30:21][virtualfilesystem.cpp:486]: Starting pre-enumerating 'gfx/models'(.asset, , -1)
[04:30:21][virtualfilesystem.cpp:454]: Done enumerating 'gfx/models'(.asset, , -1) in 0.001 seconds
[04:30:21][virtualfilesystem.cpp:486]: Starting pre-enumerating 'gui'(.gui, , -1)
[04:30:21][virtualfilesystem.cpp:454]: Done enumerating 'gui'(.gui, , -1) in 0.003 seconds
[04:30:21][virtualfilesystem.cpp:486]: Starting pre-enumerating 'gfx/loadingscreens'(.dds, , 0)
[04:30:21][virtualfilesystem.cpp:454]: Done enumerating 'gfx/loadingscreens'(.dds, , 0) in 0.000 seconds
[04:30:21][virtualfilesystem.cpp:486]: Starting pre-enumerating 'common/script_values'(.txt, , 0)
[04:30:21][virtualfilesystem.cpp:454]: Done enumerating 'common/script_values'(.txt, , 0) in 0.000 seconds
[04:30:21][virtualfilesystem.cpp:486]: Starting pre-enumerating 'gfx/loadingscreens/startscreen.dds'(.dds, , 0)
[04:30:21][virtualfilesystem.cpp:454]: Done enumerating 'gfx/loadingscreens/startscreen.dds'(.dds, , 0) in 0.000 seconds
[04:30:21][modifier_icon_database.cpp:65]: CModifierIconDatabase::PreEnumerate() Start
[04:30:21][modifier_icon_database.cpp:71]: CModifierIconDatabase::PreEnumerate() End
[04:30:21][virtualfilesystem.cpp:486]: Starting pre-enumerating 'gfx/images'(.txt, , 0)
[04:30:21][virtualfilesystem.cpp:454]: Done enumerating 'gfx/images'(.txt, , 0) in 0.000 seconds
[04:30:21][virtualfilesystem.cpp:486]: Starting pre-enumerating 'gfx/illustrations/database'(.txt, , 0)
[04:30:21][virtualfilesystem.cpp:454]: Done enumerating 'gfx/illustrations/database'(.txt, , 0) in 0.000 seconds
[04:30:21][pdxassetutil.cpp:304]: ThreadedInitTextureLookup: gfx/models
[04:30:21][defines.cpp:230]: Define '//' defined in 'common/defines/00_defines.txt' not specified. Maybe a define macro is missing
[04:30:21][defines.cpp:230]: Define 'threshold' defined in 'common/defines/00_defines.txt' not specified. Maybe a define macro is missing
[04:30:21][defines.cpp:230]: Define 'as' defined in 'common/defines/00_defines.txt' not specified. Maybe a define macro is missing
[04:30:21][defines.cpp:230]: Define 'causes' defined in 'common/defines/00_defines.txt' not specified. Maybe a define macro is missing
[04:30:21][defines.cpp:230]: Define 'to' defined in 'common/defines/00_defines.txt' not specified. Maybe a define macro is missing
[04:30:21][defines.cpp:230]: Define 'sail' defined in 'common/defines/00_defines.txt' not specified. Maybe a define macro is missing
[04:30:21][defines.cpp:230]: Define 'the' defined in 'common/defines/00_defines.txt' not specified. Maybe a define macro is missing
[04:30:21][defines.cpp:230]: Define 'accross' defined in 'common/defines/00_defines.txt' not specified. Maybe a define macro is missing
[04:30:21][defines.cpp:230]: Define 'atlantic' defined in 'common/defines/00_defines.txt' not specified. Maybe a define macro is missing
[04:30:21][pdxassetutil.cpp:313]: ThreadedInitTextureLookup found 16 files
[04:30:21][defines.cpp:230]: Define 'TRADE_PARTICLES_ZOOM_OUT_STEP' defined in 'common/defines/graphic/00_graphics.txt' not specified. Maybe a define macro is missing
[04:30:21][icondatabase.h:265]: Default icon not found for size: gfx/interface/icons/dlcs/_default.dds. Trying using _default.dds 
[04:30:21][icondatabase.h:265]: Default icon not found for size: gfx/interface/topography/_default.dds. Trying using _default.dds 
[04:30:21][icondatabase.h:265]: Default icon not found for size: gfx/interface/icons/holy_site_types/_default.dds. Trying using _default.dds 
[04:30:21][icondatabase.h:265]: Default icon not found for size: gfx/interface/icons/climate/_default.dds. Trying using _default.dds 
[04:30:21][icondatabase.h:265]: Default icon not found for size: gfx/interface/vegetation/_default.dds. Trying using _default.dds 
[04:30:21][icondatabase.h:265]: Default icon not found for size: gfx/interface/vegetation/_default_big.dds. Trying using _default.dds 
[04:30:21][icondatabase.h:265]: Default icon not found for size: gfx/interface/icons/dlcs/_default_background.dds. Trying using _default.dds 
[04:30:21][icondatabase.h:265]: Default icon not found for size: gfx/interface/topography/_default_big.dds. Trying using _default.dds 
[04:30:21][icondatabase.h:265]: Default icon not found for size: gfx/interface/icons/work_of_art/_default.dds. Trying using _default.dds 
[04:30:21][icondatabase.h:265]: Default icon not found for size: gfx/interface/icons/artist/_default.dds. Trying using _default.dds 
[04:30:21][icondatabase.h:265]: Default icon not found for size: gfx/interface/illustrations/work_of_art/_default.dds. Trying using _default.dds 
[04:30:21][icondatabase.h:265]: Default icon not found for size: gfx/interface/icons/education/_default.dds. Trying using _default.dds 
[04:30:21][icondatabase.h:265]: Default icon not found for size: gfx/interface/icons/country_ranks/_default.dds. Trying using _default.dds 
[04:30:21][icondatabase.h:265]: Default icon not found for size: gfx/interface/hegemony/_default.dds. Trying using _default.dds 
[04:30:21][icondatabase.h:265]: Default icon not found for size: gfx/interface/icons/hegemony/_default.dds. Trying using _default.dds 
[04:30:21][icondatabase.h:265]: Default icon not found for size: gfx/interface/icons/estates/_default.dds. Trying using _default.dds 
[04:30:21][icondatabase.h:265]: Default icon not found for size: gfx/interface/icons/disasters/_default.dds. Trying using _default.dds 
[04:30:21][icondatabase.h:265]: Default icon not found for size: gfx/interface/icons/international_organizations/special_statuses/_default.dds. Trying using _default.dds 
[04:30:21][icondatabase.h:265]: Default icon not found for size: gfx/interface/icons/estates/_default_flat.dds. Trying using _default.dds 
[04:30:21][icondatabase.h:265]: Default icon not found for size: gfx/interface/icons/flat_icons/balance/_default.dds. Trying using _default.dds 
[04:30:21][icondatabase.h:265]: Default icon not found for size: gfx/interface/icons/unit_ability/_default.dds. Trying using _default.dds 
[04:30:21][icondatabase.h:265]: Default icon not found for size: gfx/interface/icons/parliament_types/_default.dds. Trying using _default.dds 
[04:30:21][icondatabase.h:265]: Default icon not found for size: gfx/interface/icons/religious_focuses/_default.dds. Trying using _default.dds 
[04:30:21][icondatabase.h:265]: Default icon not found for size: gfx/interface/icons/character_interactions/_default.dds. Trying using _default.dds 
[04:30:21][icondatabase.h:265]: Default icon not found for size: gfx/interface/icons/unit_ability/_default_small.dds. Trying using _default.dds 
[04:30:21][icondatabase.h:265]: Default icon not found for size: gfx/interface/icons/war_goals/_default.dds. Trying using _default.dds 
[04:30:21][icondatabase.h:265]: Default icon not found for size: gfx/interface/icons/unit_ability/_default_flat.dds. Trying using _default.dds 
[04:30:21][icondatabase.h:265]: Default icon not found for size: gfx/interface/icons/pops/_default.dds. Trying using _default.dds 
[04:30:21][icondatabase.h:265]: Default icon not found for size: gfx/interface/icons/privileges/_default.dds. Trying using _default.dds 
[04:30:21][icondatabase.h:265]: Default icon not found for size: gfx/interface/icons/age/_default.dds. Trying using _default.dds 
[04:30:21][icondatabase.h:265]: Default icon not found for size: gfx/interface/icons/heir_selection/_default.dds. Trying using _default.dds 
[04:30:21][icondatabase.h:265]: Default icon not found for size: gfx/interface/icons/laws/_default.dds. Trying using _default.dds 
[04:30:21][icondatabase.h:265]: Default icon not found for size: gfx/interface/icons/policies/_default.dds. Trying using _default.dds 
[04:30:21][icondatabase.h:265]: Default icon not found for size: gfx/interface/illustrations/missions/_default.dds. Trying using _default.dds 
[04:30:21][icondatabase.h:265]: Default icon not found for size: gfx/interface/advance/_default.dds. Trying using _default.dds 
[04:30:21][icondatabase.h:265]: Default icon not found for size: gfx/interface/icons/country_interactions/_default.dds. Trying using _default.dds 
[04:30:21][icondatabase.h:265]: Default icon not found for size: gfx/interface/icons/trade_goods/_default.dds. Trying using _default.dds 
[04:30:21][icondatabase.h:265]: Default icon not found for size: gfx/interface/icons/trade_goods/illustrations/_default.dds. Trying using _default.dds 
[04:30:21][icondatabase.h:265]: Default icon not found for size: gfx/interface/icons/disease/_default.dds. Trying using _default.dds 
[04:30:21][icondatabase.h:265]: Default icon not found for size: gfx/interface/illustrations/international_organization_types/_default.dds. Trying using _default.dds 
[04:30:21][icondatabase.h:265]: Default icon not found for size: gfx/interface/icons/international_organizations/_default.dds. Trying using _default.dds 
[04:30:21][icondatabase.h:265]: Default icon not found for size: gfx/interface/icons/societal_values/_default_left.dds. Trying using _default.dds 
[04:30:21][icondatabase.h:265]: Default icon not found for size: gfx/interface/illustrations/societal_values/_default_left.dds. Trying using _default.dds 
[04:30:21][icondatabase.h:265]: Default icon not found for size: gfx/interface/icons/societal_values/_default_right.dds. Trying using _default.dds 
[04:30:21][icondatabase.h:265]: Default icon not found for size: gfx/interface/icons/religious_factions/_default.dds. Trying using _default.dds 
[04:30:21][icondatabase.h:265]: Default icon not found for size: gfx/interface/illustrations/societal_values/_default_right.dds. Trying using _default.dds 
[04:30:21][icondatabase.h:265]: Default icon not found for size: gfx/interface/icons/government_reforms/illustrations/_default.dds. Trying using _default.dds 
[04:30:21][icondatabase.h:265]: Default icon not found for size: gfx/interface/icons/subject_types/_default.dds. Trying using _default.dds 
[04:30:21][icondatabase.h:265]: Default icon not found for size: gfx/interface/icons/situations/_default.dds. Trying using _default.dds 
[04:30:21][icondatabase.h:265]: Default icon not found for size: gfx/interface/illustrations/situation/_default.dds. Trying using _default.dds 
[04:30:21][icondatabase.h:265]: Default icon not found for size: gfx/interface/icons/roads/_default.dds. Trying using _default.dds 
[04:30:21][icondatabase.h:265]: Default icon not found for size: gfx/interface/icons/cabinet_actions/_default.dds. Trying using _default.dds 
[04:30:21][icondatabase.h:265]: Default icon not found for size: gfx/interface/mapitems/_default.dds. Trying using _default.dds 
[04:30:21][icondatabase.h:265]: Default icon not found for size: gfx/interface/icons/unit_battle_category/_default.dds. Trying using _default.dds 
[04:30:21][icondatabase.h:265]: Default icon not found for size: gfx/interface/icons/unit_category/_default.dds. Trying using _default.dds 
[04:30:21][icondatabase.h:265]: Default icon not found for size: gfx/interface/icons/institutions/_default.dds. Trying using _default.dds 
[04:30:21][icondatabase.h:265]: Default icon not found for size: gfx/interface/icons/religious_schools/_default.dds. Trying using _default.dds 
[04:30:21][icondatabase.h:265]: Default icon not found for size: gfx/interface/icons/unit_category/_default_flat.dds. Trying using _default.dds 
[04:30:21][icondatabase.h:265]: Default icon not found for size: gfx/interface/icons/unit_type/_default.dds. Trying using _default.dds 
[04:30:21][icondatabase.h:265]: Default icon not found for size: gfx/interface/icons/religion/_default.dds. Trying using _default.dds 
[04:30:21][icondatabase.h:265]: Default icon not found for size: gfx/interface/icons/religious_aspects/_default.dds. Trying using _default.dds 
[04:30:21][icondatabase.h:265]: Default icon not found for size: gfx/interface/icons/gods/_default.dds. Trying using _default.dds 
[04:30:21][icondatabase.h:265]: Default icon not found for size: gfx/interface/icons/avatars/_default.dds. Trying using _default.dds 
[04:30:21][icondatabase.h:265]: Default icon not found for size: gfx/interface/icons/buildings/_default.dds. Trying using _default.dds 
[04:30:21][icondatabase.h:265]: Default icon not found for size: gfx/interface/advance/_default.dds. Trying using _default.dds 
[04:30:22][genedatabase.cpp:541]: Initializing database with no character and special gene categories. Can be OK if the database is being initialized with PDX_CHECK_FOLDER_INIT_DDBB Off
[04:30:22][audio_persistent_object_manager.cpp:164]: Init Audio Persistent Objects for scope asap
[04:30:22][pdx_transition_task.cpp:355]: Transition SplashScreen->LoadingScreen took: 1.2856641 seconds
[04:30:22][pdx_transition_task.cpp:392]: Running OnTransitionStateChanged callback for state 4, transition: SplashScreen->LoadingScreen
[04:30:22][pdx_transition_task.cpp:395]: Setting Task state 4
[04:30:22][pdx_transition_task.cpp:392]: Running OnTransitionStateChanged callback for state 1, transition: LoadingScreen->MainMenu
[04:30:22][pdx_transition_task.cpp:395]: Setting Task state 1
[04:30:22][pdx_transition_task.cpp:115]: Transition LoadingScreen->MainMenu started
[04:30:22][pdx_legal_documents.cpp:126]: 0 legal docs to download.
[04:30:22][virtualfilesystem_physfs.cpp:596]: Mounted Data: D:/SteamLibrary/steamapps/common/Europa Universalis V/clausewitz/loading_screen
[04:30:22][virtualfilesystem_physfs.cpp:596]: Mounted Data: D:/SteamLibrary/steamapps/common/Europa Universalis V/clausewitz/main_menu
[04:30:22][virtualfilesystem_physfs.cpp:596]: Mounted Data: D:/SteamLibrary/steamapps/common/Europa Universalis V/jomini/loading_screen
[04:30:22][virtualfilesystem_physfs.cpp:596]: Mounted Data: D:/SteamLibrary/steamapps/common/Europa Universalis V/platform_specific_game_data
[04:30:22][virtualfilesystem_physfs.cpp:596]: Mounted Data: D:/SteamLibrary/steamapps/common/Europa Universalis V/game/loading_screen
[04:30:22][virtualfilesystem_physfs.cpp:596]: Mounted Data: D:/SteamLibrary/steamapps/common/Europa Universalis V/game/main_menu
[04:30:22][pdx_paths.cpp:69]: Could not find "paths_checksummed.settings". No paths will be checksummed.
[04:30:22][virtualfilesystem_physfs.cpp:604]: No subdirs mounted for game dir from candidates: D:/SteamLibrary/steamapps/common/Europa Universalis V/game/dlc/D015_ancient_monuments_pack
[04:30:22][virtualfilesystem_physfs.cpp:596]: Mounted Data: D:/SteamLibrary/steamapps/common/Europa Universalis V/game/dlc/D000_shared/main_menu
[04:30:22][virtualfilesystem_physfs.cpp:596]: Mounted Data: C:/Users/Craig.CraigBates-PC/Documents/Paradox Interactive/Europa Universalis V/mod/lucky_donation/main_menu
[04:30:22][virtualfilesystem.cpp:486]: Starting pre-enumerating 'gfx/models'(.asset, , -1)
[04:30:22][virtualfilesystem.cpp:454]: Done enumerating 'gfx/models'(.asset, , -1) in 0.002 seconds
[04:30:22][virtualfilesystem.cpp:486]: Starting pre-enumerating 'fonts'(.font, , -1)
[04:30:22][virtualfilesystem.cpp:454]: Done enumerating 'fonts'(.font, , -1) in 0.003 seconds
[04:30:22][virtualfilesystem.cpp:486]: Starting pre-enumerating 'gui'(.gui, , -1)
[04:30:22][pdx_account.cpp:477]: Login succeeded
[04:30:22][pdx_social_profile.cpp:90]: Getting social profile
[04:30:22][virtualfilesystem.cpp:454]: Done enumerating 'gui'(.gui, , -1) in 0.007 seconds
[04:30:22][virtualfilesystem.cpp:486]: Starting pre-enumerating 'common/script_values'(.txt, , 0)
[04:30:22][virtualfilesystem.cpp:454]: Done enumerating 'common/script_values'(.txt, , 0) in 0.001 seconds
[04:30:22][virtualfilesystem.cpp:486]: Starting pre-enumerating 'common/scripted_triggers'(.txt, , 0)
[04:30:22][virtualfilesystem.cpp:454]: Done enumerating 'common/scripted_triggers'(.txt, , 0) in 0.000 seconds
[04:30:22][virtualfilesystem.cpp:486]: Starting pre-enumerating 'common/scripted_lists'(.txt, , 0)
[04:30:22][virtualfilesystem.cpp:454]: Done enumerating 'common/scripted_lists'(.txt, , 0) in 0.000 seconds
[04:30:22][virtualfilesystem.cpp:486]: Starting pre-enumerating 'common/modifier_icons'(.txt, , 0)
[04:30:22][virtualfilesystem.cpp:454]: Done enumerating 'common/modifier_icons'(.txt, , 0) in 0.000 seconds
[04:30:22][modifier_icon_database.cpp:65]: CModifierIconDatabase::PreEnumerate() Start
[04:30:22][modifier_icon_database.cpp:71]: CModifierIconDatabase::PreEnumerate() End
[04:30:22][virtualfilesystem.cpp:486]: Starting pre-enumerating 'gfx/portraits/accessory_variations'(.txt, , 0)
[04:30:22][virtualfilesystem.cpp:454]: Done enumerating 'gfx/portraits/accessory_variations'(.txt, , 0) in 0.000 seconds
[04:30:22][virtualfilesystem.cpp:486]: Starting pre-enumerating 'gfx/portraits/accessories'(.txt, , 0)
[04:30:22][virtualfilesystem.cpp:454]: Done enumerating 'gfx/portraits/accessories'(.txt, , 0) in 0.000 seconds
[04:30:22][virtualfilesystem.cpp:486]: Starting pre-enumerating 'gfx/portraits/portrait_animations'(.txt, , 0)
[04:30:22][virtualfilesystem.cpp:454]: Done enumerating 'gfx/portraits/portrait_animations'(.txt, , 0) in 0.000 seconds
[04:30:22][virtualfilesystem.cpp:486]: Starting pre-enumerating 'gfx/portraits/cameras/'(.txt, , 0)
[04:30:22][virtualfilesystem.cpp:454]: Done enumerating 'gfx/portraits/cameras/'(.txt, , 0) in 0.000 seconds
[04:30:22][virtualfilesystem.cpp:486]: Starting pre-enumerating 'gfx/portraits/environments/'(.txt, , 0)
[04:30:22][virtualfilesystem.cpp:454]: Done enumerating 'gfx/portraits/environments/'(.txt, , 0) in 0.000 seconds
[04:30:22][virtualfilesystem.cpp:486]: Starting pre-enumerating 'gfx/portraits/portrait_modifiers'(.txt, , 0)
[04:30:22][virtualfilesystem.cpp:454]: Done enumerating 'gfx/portraits/portrait_modifiers'(.txt, , 0) in 0.000 seconds
[04:30:22][virtualfilesystem.cpp:486]: Starting pre-enumerating 'music'(.txt, , 0)
[04:30:22][virtualfilesystem.cpp:454]: Done enumerating 'music'(.txt, , 0) in 0.000 seconds
[04:30:22][virtualfilesystem.cpp:486]: Starting pre-enumerating 'common/game_concepts'(.txt, , 0)
[04:30:22][virtualfilesystem.cpp:454]: Done enumerating 'common/game_concepts'(.txt, , 0) in 0.000 seconds
[04:30:22][virtualfilesystem.cpp:486]: Starting pre-enumerating 'setup/start'(.txt, , 0)
[04:30:22][virtualfilesystem.cpp:454]: Done enumerating 'setup/start'(.txt, , 0) in 0.000 seconds
[04:30:22][virtualfilesystem.cpp:486]: Starting pre-enumerating 'gfx/map/city_data'(.txt, , 0)
[04:30:22][virtualfilesystem.cpp:454]: Done enumerating 'gfx/map/city_data'(.txt, , 0) in 0.000 seconds
[04:30:22][virtualfilesystem.cpp:486]: Starting pre-enumerating 'common/flag_definitions'(.txt, , 0)
[04:30:22][virtualfilesystem.cpp:454]: Done enumerating 'common/flag_definitions'(.txt, , 0) in 0.000 seconds
[04:30:22][virtualfilesystem.cpp:486]: Starting pre-enumerating 'common/achievements'(.txt, , 0)
[04:30:22][virtualfilesystem.cpp:454]: Done enumerating 'common/achievements'(.txt, , 0) in 0.000 seconds
[04:30:22][virtualfilesystem.cpp:486]: Starting pre-enumerating 'gfx/unit_graphics/units'(.txt, , -1)
[04:30:22][virtualfilesystem.cpp:454]: Done enumerating 'gfx/unit_graphics/units'(.txt, , -1) in 0.000 seconds
[04:30:22][virtualfilesystem.cpp:486]: Starting pre-enumerating 'gfx/unit_graphics/attachments'(.txt, , -1)
[04:30:22][virtualfilesystem.cpp:454]: Done enumerating 'gfx/unit_graphics/attachments'(.txt, , -1) in 0.001 seconds
[04:30:22][virtualfilesystem.cpp:486]: Starting pre-enumerating 'gfx/unit_graphics/materials'(.txt, , -1)
[04:30:22][virtualfilesystem.cpp:454]: Done enumerating 'gfx/unit_graphics/materials'(.txt, , -1) in 0.001 seconds
[04:30:22][virtualfilesystem.cpp:486]: Starting pre-enumerating 'gfx/unit_graphics/texture_variations'(.txt, , -1)
[04:30:22][virtualfilesystem.cpp:454]: Done enumerating 'gfx/unit_graphics/texture_variations'(.txt, , -1) in 0.000 seconds
[04:30:22][virtualfilesystem.cpp:486]: Starting pre-enumerating 'gfx/unit_graphics/colors'(.txt, , -1)
[04:30:22][virtualfilesystem.cpp:454]: Done enumerating 'gfx/unit_graphics/colors'(.txt, , -1) in 0.000 seconds
[04:30:22][virtualfilesystem.cpp:486]: Starting pre-enumerating 'gfx/images'(.txt, , 0)
[04:30:22][virtualfilesystem.cpp:454]: Done enumerating 'gfx/images'(.txt, , 0) in 0.000 seconds
[04:30:22][virtualfilesystem.cpp:486]: Starting pre-enumerating 'gfx/illustrations/database'(.txt, , 0)
[04:30:22][virtualfilesystem.cpp:454]: Done enumerating 'gfx/illustrations/database'(.txt, , 0) in 0.000 seconds
[04:30:22][pdx_localize.cpp:257]: Key 'JOMINI_MULTIPLAYER_GUI_START_NOT_HOST' defined in multiple files: 'localization/jomini/multiplayer_gui/multiplayer_gui_l_english.yml', 'localization/english/interfaces_l_english.yml'
[04:30:22][pdx_localize.cpp:257]: Key 'JOMINI_MULTIPLAYER_GUI_NOT_IN_PREPARATION_LOBBY' defined in multiple files: 'localization/jomini/multiplayer_gui/multiplayer_gui_l_english.yml', 'localization/english/interfaces_l_english.yml'
[04:30:22][pdx_localize.cpp:257]: Key 'JOMINI_MULTIPLAYER_GUI_PLAYER_NOT_READY' defined in multiple files: 'localization/jomini/multiplayer_gui/multiplayer_gui_l_english.yml', 'localization/english/interfaces_l_english.yml'
[04:30:22][pdx_localize.cpp:257]: Key 'JOMINI_MULTIPLAYER_GUI_INVALID_PLAYER' defined in multiple files: 'localization/jomini/multiplayer_gui/multiplayer_gui_l_english.yml', 'localization/english/interfaces_l_english.yml'
[04:30:22][pdx_localize.cpp:257]: Key 'JOMINI_MULTIPLAYER_GUI_ALREADY_SELECTED' defined in multiple files: 'localization/jomini/multiplayer_gui/multiplayer_gui_l_english.yml', 'localization/english/interfaces_l_english.yml'
[04:30:22][pdx_localize.cpp:257]: Key 'JOMINI_MULTIPLAYER_GUI_EMPTY_USERNAME' defined in multiple files: 'localization/jomini/multiplayer_gui/multiplayer_gui_l_english.yml', 'localization/english/interfaces_l_english.yml'
[04:30:22][pdx_localize.cpp:257]: Key 'JOMINI_MULTIPLAYER_GUI_MULTIPLAYER_INACCESSIBLE_NAKAMA_RELOGIN' defined in multiple files: 'localization/jomini/multiplayer_gui/multiplayer_gui_l_english.yml', 'localization/english/interfaces_l_english.yml'
[04:30:22][pdx_localize.cpp:257]: Key 'JOMINI_MULTIPLAYER_GUI_MULTIPLAYER_INACCESSIBLE_NO_CHECKSUM' defined in multiple files: 'localization/jomini/multiplayer_gui/multiplayer_gui_l_english.yml', 'localization/english/interfaces_l_english.yml'
[04:30:22][pdx_localize.cpp:257]: Key 'JOMINI_MULTIPLAYER_GUI_MULTIPLAYER_INACCESSIBLE' defined in multiple files: 'localization/jomini/multiplayer_gui/multiplayer_gui_l_english.yml', 'localization/english/interfaces_l_english.yml'
[04:30:22][pdx_localize.cpp:257]: Key 'CAMERA_TABLETOP' defined in multiple files: 'localization/cw_settings_l_english.yml', 'localization/english/settings_l_english.yml'
[04:30:22][pdx_localize.cpp:257]: Key 'SETTING_Master' defined in multiple files: 'localization/cw_settings_l_english.yml', 'localization/english/settings_l_english.yml'
[04:30:22][pdx_localize.cpp:257]: Key 'SETTING_Music' defined in multiple files: 'localization/cw_settings_l_english.yml', 'localization/english/settings_l_english.yml'
[04:30:22][pdx_localize.cpp:257]: Key 'SETTING_UI' defined in multiple files: 'localization/cw_settings_l_english.yml', 'localization/english/settings_l_english.yml'
[04:30:22][pdx_localize.cpp:257]: Key 'SETTING_Effects' defined in multiple files: 'localization/cw_settings_l_english.yml', 'localization/english/settings_l_english.yml'
[04:30:22][pdx_localize.cpp:257]: Key 'SETTING_Master_TOOLTIP' defined in multiple files: 'localization/cw_settings_l_english.yml', 'localization/english/settings_l_english.yml'
[04:30:22][pdx_localize.cpp:257]: Key 'SETTING_Music_TOOLTIP' defined in multiple files: 'localization/cw_settings_l_english.yml', 'localization/english/settings_l_english.yml'
[04:30:22][pdx_localize.cpp:257]: Key 'SETTING_UI_TOOLTIP' defined in multiple files: 'localization/cw_settings_l_english.yml', 'localization/english/settings_l_english.yml'
[04:30:22][pdx_localize.cpp:257]: Key 'SETTING_AUDIO_DEVICE_PROFILE' defined in multiple files: 'localization/cw_settings_l_english.yml', 'localization/english/settings_l_english.yml'
[04:30:22][pdx_localize.cpp:257]: Key 'SETTING_AUDIO_DEVICE_PROFILE_TOOLTIP' defined in multiple files: 'localization/cw_settings_l_english.yml', 'localization/english/settings_l_english.yml'
[04:30:22][pdx_localize.cpp:257]: Key 'SETTING_AUDIO_OPTION_HEADPHONES' defined in multiple files: 'localization/cw_settings_l_english.yml', 'localization/english/settings_l_english.yml'
[04:30:22][pdx_localize.cpp:257]: Key 'SETTING_AUDIO_OPTION_HEADPHONES_TOOLTIP' defined in multiple files: 'localization/cw_settings_l_english.yml', 'localization/english/settings_l_english.yml'
[04:30:22][pdx_localize.cpp:257]: Key 'SETTING_AUDIO_OPTION_SPEAKERS' defined in multiple files: 'localization/cw_settings_l_english.yml', 'localization/english/settings_l_english.yml'
[04:30:22][pdx_localize.cpp:257]: Key 'SETTING_AUDIO_OPTION_SPEAKERS_TOOLTIP' defined in multiple files: 'localization/cw_settings_l_english.yml', 'localization/english/settings_l_english.yml'
[04:30:22][pdx_localize.cpp:257]: Key 'SETTING_AUDIO_OPTION_TV' defined in multiple files: 'localization/cw_settings_l_english.yml', 'localization/english/settings_l_english.yml'
[04:30:22][pdx_localize.cpp:257]: Key 'SETTING_AUDIO_OPTION_TV_TOOLTIP' defined in multiple files: 'localization/cw_settings_l_english.yml', 'localization/english/settings_l_english.yml'
[04:30:22][pdx_localize.cpp:257]: Key 'SETTING_AUDIO_OPTION_NIGHTMODE' defined in multiple files: 'localization/cw_settings_l_english.yml', 'localization/english/settings_l_english.yml'
[04:30:22][pdx_localize.cpp:257]: Key 'SETTING_AUDIO_OPTION_NIGHTMODE_TOOLTIP' defined in multiple files: 'localization/cw_settings_l_english.yml', 'localization/english/settings_l_english.yml'
[04:30:22][pdx_localize.cpp:257]: Key 'SETTINGS_FILE_TRANSFER_SPEED_TOOLTIP' defined in multiple files: 'localization/cw_settings_l_english.yml', 'localization/english/settings_l_english.yml'
[04:30:22][pdx_localize.cpp:257]: Key 'SETTING_FILL_IN_IMPASSABLE_TERRAIN_TOOLTIP' defined in multiple files: 'localization/cw_settings_l_english.yml', 'localization/english/settings_l_english.yml'
[04:30:22][pdx_localize.cpp:257]: Key 'SETTING_PROVINCE_NAMES_TOOLTIP' defined in multiple files: 'localization/cw_settings_l_english.yml', 'localization/english/settings_l_english.yml'
[04:30:22][pdx_localize.cpp:257]: Key 'SETTING_ENABLE_PARTICLES' defined in multiple files: 'localization/cw_settings_l_english.yml', 'localization/english/settings_l_english.yml'
[04:30:22][pdx_localize.cpp:257]: Key 'SETTING_ENABLE_PARTICLES_TOOLTIP' defined in multiple files: 'localization/cw_settings_l_english.yml', 'localization/english/settings_l_english.yml'
[04:30:22][pdx_localize.cpp:257]: Key 'MOD_BACKEND_NOT_AVAILABLE_STEAM' defined in multiple files: 'localization/gui/cw_ugc_dlc_l_english.yml', 'localization/jomini/pdx_mod_dlc_manager/cw_ugc_dlc_l_english.yml'
[04:30:22][pdx_localize.cpp:257]: Key 'MOD_NAME_INVALID_SIZE' defined in multiple files: 'localization/gui/cw_ugc_dlc_l_english.yml', 'localization/jomini/pdx_mod_dlc_manager/cw_ugc_dlc_l_english.yml'
[04:30:22][pdx_localize.cpp:257]: Key 'MOD_PATH_EMPTY' defined in multiple files: 'localization/gui/cw_ugc_dlc_l_english.yml', 'localization/jomini/pdx_mod_dlc_manager/cw_ugc_dlc_l_english.yml'
[04:30:22][pdx_localize.cpp:257]: Key 'MOD_PATH_INVALID' defined in multiple files: 'localization/gui/cw_ugc_dlc_l_english.yml', 'localization/jomini/pdx_mod_dlc_manager/cw_ugc_dlc_l_english.yml'
[04:30:22][pdx_localize.cpp:257]: Key 'MOD_DESCRIPTION_EMPTY' defined in multiple files: 'localization/gui/cw_ugc_dlc_l_english.yml', 'localization/jomini/pdx_mod_dlc_manager/cw_ugc_dlc_l_english.yml'
[04:30:22][pdx_localize.cpp:257]: Key 'MOD_PLAYSET_IS_AUTOMATICALLY_SORTED_ENABLED' defined in multiple files: 'localization/gui/cw_ugc_dlc_l_english.yml', 'localization/jomini/pdx_mod_dlc_manager/cw_ugc_dlc_l_english.yml'
[04:30:22][pdx_localize.cpp:257]: Key 'MOD_PLAYSET_IS_AUTOMATICALLY_SORTED_DISABLED' defined in multiple files: 'localization/gui/cw_ugc_dlc_l_english.yml', 'localization/jomini/pdx_mod_dlc_manager/cw_ugc_dlc_l_english.yml'
[04:30:22][pdx_localize.cpp:257]: Key 'MOD_PLAYSET_IS_AUTOMATICALLY_SORTED_BUTTON' defined in multiple files: 'localization/gui/cw_ugc_dlc_l_english.yml', 'localization/jomini/pdx_mod_dlc_manager/cw_ugc_dlc_l_english.yml'
[04:30:22][pdx_json_settings.cpp:327]: [SPdxJsonSettingsIO] "pdx_settings.json" file lacks "language" setting in "System" category.
[04:30:22][pdxassetutil.cpp:304]: ThreadedInitTextureLookup: gfx/models
[04:30:22][pdxassetutil.cpp:313]: ThreadedInitTextureLookup found 19 files
[04:30:22][icondatabase.h:265]: Default icon not found for size: gfx/interface/icons/dlcs/_default_background.dds. Trying using _default.dds 
[04:30:22][pdx_gui_animation_set_database.cpp:322]: CAnimationSetDatabase::ParseFile: Reloading animation set 'guitest_animations' from file 'gui/animations/test_asset.guianimset'
[04:30:22][icondatabase.h:265]: Default icon not found for size: gfx/interface/illustrations/missions/_default.dds. Trying using _default.dds 
[04:30:22][icondatabase.h:265]: Default icon not found for size: gfx/interface/icons/unit_ability/_default_small.dds. Trying using _default.dds 
[04:30:22][icondatabase.h:265]: Default icon not found for size: gfx/interface/topography/_default_big.dds. Trying using _default.dds 
[04:30:22][icondatabase.h:265]: Default icon not found for size: gfx/interface/icons/unit_ability/_default_flat.dds. Trying using _default.dds 
[04:30:22][icondatabase.h:265]: Default icon not found for size: gfx/interface/vegetation/_default_big.dds. Trying using _default.dds 
[04:30:22][pdx_account.cpp:1106]: GetAccountInfo succeeded
[04:30:22][icondatabase.h:265]: Default icon not found for size: gfx/interface/illustrations/societal_values/_default_left.dds. Trying using _default.dds 
[04:30:22][icondatabase.h:265]: Default icon not found for size: gfx/interface/icons/societal_values/_default_left.dds. Trying using _default.dds 
[04:30:22][icondatabase.h:265]: Default icon not found for size: gfx/interface/illustrations/societal_values/_default_right.dds. Trying using _default.dds 
[04:30:22][icondatabase.h:265]: Default icon not found for size: gfx/interface/icons/societal_values/_default_right.dds. Trying using _default.dds 
[04:30:22][icondatabase.h:265]: Default icon not found for size: gfx/interface/mapitems/_default.dds. Trying using _default.dds 
[04:30:22][pdx_social_profile.cpp:129]: Getting social profile succeeded
[04:30:23][icondatabase.h:265]: Default icon not found for size: gfx/interface/icons/unit_battle_category/_default.dds. Trying using _default.dds 
[04:30:23][icondatabase.h:265]: Default icon not found for size: gfx/interface/icons/avatars/_default.dds. Trying using _default.dds 
[04:30:23][genedatabase.cpp:541]: Initializing database with no character and special gene categories. Can be OK if the database is being initialized with PDX_CHECK_FOLDER_INIT_DDBB Off
[04:30:23][pdxfilewatcher_windows.cpp:363]: Invalid path passed in Directories: C:/Users/Craig.CraigBates-PC/Documents/Paradox Interactive/Europa Universalis V/tools_import
[04:30:23][status_widget.cpp:231]: Unable to set up account status widget; widget do not exist
[04:30:23][pdx_transition_task.cpp:355]: Transition LoadingScreen->MainMenu took: 1.4065317 seconds
[04:30:23][pdx_transition_task.cpp:392]: Running OnTransitionStateChanged callback for state 2, transition: LoadingScreen->MainMenu
[04:30:23][pdx_transition_task.cpp:395]: Setting Task state 2
[04:30:23][pdx_transition_task.cpp:392]: Running OnTransitionStateChanged callback for state 3, transition: LoadingScreen->MainMenu
[04:30:23][pdx_ecs_context.cpp:260]: This world was already deleted or is not part of this context 
[04:30:23][pdx_ecs_context.cpp:260]: This world was already deleted or is not part of this context 
[04:30:23][pdx_transition_task.cpp:395]: Setting Task state 3
[04:30:23][pdx_gui_context.cpp:3919]: Transaction: CPdxGuiContext
[04:30:23][pdx_transactions.cpp:204]: Commit LoadingScreen->MainMenu took: 0.0060889 seconds
[04:30:23][pdx_transition_task.cpp:392]: Running OnTransitionStateChanged callback for state 4, transition: LoadingScreen->MainMenu
[04:30:23][pdx_online_telemetry.cpp:27]: [telemetry] quality:custom
[04:30:23][pdx_online_telemetry.cpp:27]: [telemetry] shadowmap_resolution:1024x1024
[04:30:23][pdx_online_telemetry.cpp:27]: [telemetry] texture_quality:low
[04:30:23][pdx_online_telemetry.cpp:27]: [telemetry] anti_aliasing:DISABLED
[04:30:23][pdx_online_telemetry.cpp:27]: [telemetry] scale:1
[04:30:23][pdx_transition_task.cpp:395]: Setting Task state 4
[04:30:23][pdx_transition_task.cpp:392]: Running OnTransitionStateChanged callback for state 1, transition: MainMenu->Game
[04:30:23][pdx_transition_task.cpp:395]: Setting Task state 1
[04:30:23][pdx_transition_task.cpp:115]: Transition MainMenu->Game started
[04:30:23][audio_persistent_object_manager.cpp:164]: Init Audio Persistent Objects for scope menu
[04:30:23][player.cpp:153]: CJominiPlayers:::DeleteAllPlayers - #0 players
[04:30:23][virtualfilesystem_physfs.cpp:596]: Mounted Data: D:/SteamLibrary/steamapps/common/Europa Universalis V/clausewitz/loading_screen
[04:30:23][virtualfilesystem_physfs.cpp:596]: Mounted Data: D:/SteamLibrary/steamapps/common/Europa Universalis V/clausewitz/main_menu
[04:30:23][virtualfilesystem_physfs.cpp:596]: Mounted Data: D:/SteamLibrary/steamapps/common/Europa Universalis V/jomini/loading_screen
[04:30:23][virtualfilesystem_physfs.cpp:596]: Mounted Data: D:/SteamLibrary/steamapps/common/Europa Universalis V/platform_specific_game_data
[04:30:23][virtualfilesystem_physfs.cpp:596]: Mounted Data: D:/SteamLibrary/steamapps/common/Europa Universalis V/game/loading_screen
[04:30:23][virtualfilesystem_physfs.cpp:596]: Mounted Data: D:/SteamLibrary/steamapps/common/Europa Universalis V/game/main_menu
[04:30:23][virtualfilesystem_physfs.cpp:596]: Mounted Data: D:/SteamLibrary/steamapps/common/Europa Universalis V/game/in_game
[04:30:23][pdx_paths.cpp:69]: Could not find "paths_checksummed.settings". No paths will be checksummed.
[04:30:23][virtualfilesystem_physfs.cpp:596]: Mounted Data: D:/SteamLibrary/steamapps/common/Europa Universalis V/game/dlc/D015_ancient_monuments_pack/in_game
[04:30:23][virtualfilesystem_physfs.cpp:596]: Mounted Data: D:/SteamLibrary/steamapps/common/Europa Universalis V/game/dlc/D000_shared/main_menu
[04:30:23][virtualfilesystem_physfs.cpp:596]: Mounted Data: C:/Users/Craig.CraigBates-PC/Documents/Paradox Interactive/Europa Universalis V/mod/lucky_donation/main_menu
[04:30:23][virtualfilesystem_physfs.cpp:596]: Mounted Data: C:/Users/Craig.CraigBates-PC/Documents/Paradox Interactive/Europa Universalis V/mod/lucky_donation/in_game
[04:30:23][application.cpp:951]: Starting checksum calculation
[04:30:23][virtualfilesystem.cpp:486]: Starting pre-enumerating 'gfx/models'(.asset, , -1)
[04:30:23][marketing_container.cpp:541]: Downloaded and updated texture gfx/news_feed/NjkzMDFmOThjYTIzYmYwMDYzMmM3OWUwXyRfY2M9M2M2OGYyMWMtOWE0Mi04ZGM4LWI5ZjEtMzczYTUxOWZkYzRlJm12PTY5MzAxZjk4Y2EyM2JmMDA2MzJjNzlkNCZwaT1jbXA=.jpg for content card in slot 0
[04:30:23][marketing_container.cpp:541]: Downloaded and updated texture gfx/news_feed/NjkzMDFmZjIxN2VmZjgwMDYzZmVmMDQyXyRfY2M9OThmMzMzMTUtNmI3Yi1iZDA3LWRhZmItMGNlYTQ3OTU0YTBjJm12PTY5MzAxZmYyMTdlZmY4MDA2M2ZlZjAzNiZwaT1jbXA=.jpg for content card in slot 1
[04:30:24][marketing_container.cpp:541]: Downloaded and updated texture gfx/news_feed/NjkzMDIwMzQwNTAwZWIwMDYzOGQzOTc4XyRfY2M9ZTI3NjNkZjQtNzBiOS1lYTlkLWZmYWYtYjQ4MDUyYjgzYTYzJm12PTY5MzAyMDM0MDUwMGViMDA2MzhkMzk2YyZwaT1jbXA=.jpg for content card in slot 2
[04:30:24][virtualfilesystem.cpp:454]: Done enumerating 'gfx/models'(.asset, , -1) in 0.431 seconds
[04:30:24][virtualfilesystem.cpp:486]: Starting pre-enumerating 'fonts'(.font, , -1)
[04:30:24][virtualfilesystem.cpp:454]: Done enumerating 'fonts'(.font, , -1) in 0.003 seconds
[04:30:24][virtualfilesystem.cpp:486]: Starting pre-enumerating 'gui'(.gui, , -1)
[04:30:24][virtualfilesystem.cpp:454]: Done enumerating 'gui'(.gui, , -1) in 0.007 seconds
[04:30:24][virtualfilesystem.cpp:486]: Starting pre-enumerating 'common/script_values'(.txt, , 0)
[04:30:24][virtualfilesystem.cpp:454]: Done enumerating 'common/script_values'(.txt, , 0) in 0.000 seconds
[04:30:24][virtualfilesystem.cpp:486]: Starting pre-enumerating 'common/scripted_effects'(.txt, , 0)
[04:30:24][virtualfilesystem.cpp:454]: Done enumerating 'common/scripted_effects'(.txt, , 0) in 0.000 seconds
[04:30:24][virtualfilesystem.cpp:486]: Starting pre-enumerating 'common/scripted_triggers'(.txt, , 0)
[04:30:24][virtualfilesystem.cpp:454]: Done enumerating 'common/scripted_triggers'(.txt, , 0) in 0.000 seconds
[04:30:24][virtualfilesystem.cpp:486]: Starting pre-enumerating 'common/scripted_modifiers'(.txt, , 0)
[04:30:24][virtualfilesystem.cpp:454]: Done enumerating 'common/scripted_modifiers'(.txt, , 0) in 0.000 seconds
[04:30:24][virtualfilesystem.cpp:486]: Starting pre-enumerating 'common/scripted_lists'(.txt, , 0)
[04:30:24][virtualfilesystem.cpp:454]: Done enumerating 'common/scripted_lists'(.txt, , 0) in 0.000 seconds
[04:30:24][virtualfilesystem.cpp:486]: Starting pre-enumerating 'common/scripted_guis'(.txt, , 0)
[04:30:24][virtualfilesystem.cpp:454]: Done enumerating 'common/scripted_guis'(.txt, , 0) in 0.000 seconds
[04:30:24][virtualfilesystem.cpp:486]: Starting pre-enumerating 'common/scripted_rules'(.txt, , 0)
[04:30:24][virtualfilesystem.cpp:454]: Done enumerating 'common/scripted_rules'(.txt, , 0) in 0.000 seconds
[04:30:24][virtualfilesystem.cpp:486]: Starting pre-enumerating 'common/customizable_localization'(.txt, , 0)
[04:30:24][virtualfilesystem.cpp:454]: Done enumerating 'common/customizable_localization'(.txt, , 0) in 0.000 seconds
[04:30:24][virtualfilesystem.cpp:486]: Starting pre-enumerating 'common/modifier_icons'(.txt, , 0)
[04:30:24][virtualfilesystem.cpp:454]: Done enumerating 'common/modifier_icons'(.txt, , 0) in 0.000 seconds
[04:30:24][modifier_icon_database.cpp:65]: CModifierIconDatabase::PreEnumerate() Start
[04:30:24][modifier_icon_database.cpp:71]: CModifierIconDatabase::PreEnumerate() End
[04:30:24][virtualfilesystem.cpp:486]: Starting pre-enumerating 'common/ethnicities'(.txt, , 0)
[04:30:24][virtualfilesystem.cpp:454]: Done enumerating 'common/ethnicities'(.txt, , 0) in 0.000 seconds
[04:30:24][virtualfilesystem.cpp:486]: Starting pre-enumerating 'common/genes'(.txt, , 0)
[04:30:24][virtualfilesystem.cpp:454]: Done enumerating 'common/genes'(.txt, , 0) in 0.000 seconds
[04:30:24][virtualfilesystem.cpp:486]: Starting pre-enumerating 'gfx/portraits/accessory_variations'(.txt, , 0)
[04:30:24][virtualfilesystem.cpp:454]: Done enumerating 'gfx/portraits/accessory_variations'(.txt, , 0) in 0.000 seconds
[04:30:24][virtualfilesystem.cpp:486]: Starting pre-enumerating 'gfx/portraits/accessories'(.txt, , 0)
[04:30:24][virtualfilesystem.cpp:454]: Done enumerating 'gfx/portraits/accessories'(.txt, , 0) in 0.000 seconds
[04:30:24][virtualfilesystem.cpp:486]: Starting pre-enumerating 'gfx/portraits/portrait_animations'(.txt, , 0)
[04:30:24][virtualfilesystem.cpp:454]: Done enumerating 'gfx/portraits/portrait_animations'(.txt, , 0) in 0.000 seconds
[04:30:24][virtualfilesystem.cpp:486]: Starting pre-enumerating 'gfx/portraits/cameras/'(.txt, , 0)
[04:30:24][virtualfilesystem.cpp:454]: Done enumerating 'gfx/portraits/cameras/'(.txt, , 0) in 0.000 seconds
[04:30:24][virtualfilesystem.cpp:486]: Starting pre-enumerating 'gfx/portraits/environments/'(.txt, , 0)
[04:30:24][virtualfilesystem.cpp:454]: Done enumerating 'gfx/portraits/environments/'(.txt, , 0) in 0.000 seconds
[04:30:24][virtualfilesystem.cpp:486]: Starting pre-enumerating 'gfx/portraits/portrait_modifiers'(.txt, , 0)
[04:30:24][virtualfilesystem.cpp:454]: Done enumerating 'gfx/portraits/portrait_modifiers'(.txt, , 0) in 0.000 seconds
[04:30:24][virtualfilesystem.cpp:486]: Starting pre-enumerating 'music'(.txt, , 0)
[04:30:24][virtualfilesystem.cpp:454]: Done enumerating 'music'(.txt, , 0) in 0.000 seconds
[04:30:24][virtualfilesystem.cpp:486]: Starting pre-enumerating 'common/game_concepts'(.txt, , 0)
[04:30:24][virtualfilesystem.cpp:454]: Done enumerating 'common/game_concepts'(.txt, , 0) in 0.000 seconds
[04:30:24][virtualfilesystem.cpp:486]: Starting pre-enumerating 'events'(.txt, , -1)
[04:30:24][virtualfilesystem.cpp:454]: Done enumerating 'events'(.txt, , -1) in 0.002 seconds
[04:30:24][virtualfilesystem.cpp:486]: Starting pre-enumerating 'common/on_action'(.txt, , -1)
[04:30:24][virtualfilesystem.cpp:454]: Done enumerating 'common/on_action'(.txt, , -1) in 0.000 seconds
[04:30:24][virtualfilesystem.cpp:486]: Starting pre-enumerating 'common/effect_localization'(.txt, , 0)
[04:30:24][virtualfilesystem.cpp:454]: Done enumerating 'common/effect_localization'(.txt, , 0) in 0.000 seconds
[04:30:24][virtualfilesystem.cpp:486]: Starting pre-enumerating 'setup/countries'(.txt, , 0)
[04:30:24][virtualfilesystem.cpp:454]: Done enumerating 'setup/countries'(.txt, , 0) in 0.000 seconds
[04:30:24][virtualfilesystem.cpp:486]: Starting pre-enumerating 'setup/start'(.txt, , 0)
[04:30:24][virtualfilesystem.cpp:454]: Done enumerating 'setup/start'(.txt, , 0) in 0.000 seconds
[04:30:24][virtualfilesystem.cpp:486]: Starting pre-enumerating 'gfx/map/map_modes'(.txt, , 0)
[04:30:24][virtualfilesystem.cpp:454]: Done enumerating 'gfx/map/map_modes'(.txt, , 0) in 0.000 seconds
[04:30:24][virtualfilesystem.cpp:486]: Starting pre-enumerating 'gfx/map/city_data'(.txt, , 0)
[04:30:24][virtualfilesystem.cpp:454]: Done enumerating 'gfx/map/city_data'(.txt, , 0) in 0.000 seconds
[04:30:24][virtualfilesystem.cpp:486]: Starting pre-enumerating 'common/flag_definitions'(.txt, , 0)
[04:30:24][virtualfilesystem.cpp:454]: Done enumerating 'common/flag_definitions'(.txt, , 0) in 0.000 seconds
[04:30:24][virtualfilesystem.cpp:486]: Starting pre-enumerating 'common/achievements'(.txt, , 0)
[04:30:24][virtualfilesystem.cpp:454]: Done enumerating 'common/achievements'(.txt, , 0) in 0.000 seconds
[04:30:24][virtualfilesystem.cpp:486]: Starting pre-enumerating 'gfx/unit_graphics/units'(.txt, , -1)
[04:30:24][virtualfilesystem.cpp:454]: Done enumerating 'gfx/unit_graphics/units'(.txt, , -1) in 0.000 seconds
[04:30:24][virtualfilesystem.cpp:486]: Starting pre-enumerating 'gfx/unit_graphics/attachments'(.txt, , -1)
[04:30:24][virtualfilesystem.cpp:454]: Done enumerating 'gfx/unit_graphics/attachments'(.txt, , -1) in 0.002 seconds
[04:30:24][virtualfilesystem.cpp:486]: Starting pre-enumerating 'gfx/unit_graphics/materials'(.txt, , -1)
[04:30:24][virtualfilesystem.cpp:454]: Done enumerating 'gfx/unit_graphics/materials'(.txt, , -1) in 0.001 seconds
[04:30:24][virtualfilesystem.cpp:486]: Starting pre-enumerating 'gfx/unit_graphics/texture_variations'(.txt, , -1)
[04:30:24][virtualfilesystem.cpp:454]: Done enumerating 'gfx/unit_graphics/texture_variations'(.txt, , -1) in 0.000 seconds
[04:30:24][virtualfilesystem.cpp:486]: Starting pre-enumerating 'gfx/unit_graphics/colors'(.txt, , -1)
[04:30:24][virtualfilesystem.cpp:454]: Done enumerating 'gfx/unit_graphics/colors'(.txt, , -1) in 0.000 seconds
[04:30:24][virtualfilesystem.cpp:486]: Starting pre-enumerating 'gfx/images'(.txt, , 0)
[04:30:24][virtualfilesystem.cpp:454]: Done enumerating 'gfx/images'(.txt, , 0) in 0.000 seconds
[04:30:24][virtualfilesystem.cpp:486]: Starting pre-enumerating 'gfx/illustrations/database'(.txt, , 0)
[04:30:24][virtualfilesystem.cpp:454]: Done enumerating 'gfx/illustrations/database'(.txt, , 0) in 0.000 seconds
[04:30:24][virtualfilesystem.cpp:486]: Starting pre-enumerating 'gfx/city_materials'(.txt, , 0)
[04:30:24][virtualfilesystem.cpp:454]: Done enumerating 'gfx/city_materials'(.txt, , 0) in 0.000 seconds
[04:30:24][virtualfilesystem.cpp:486]: Starting pre-enumerating 'common/tutorial_lesson_chains'(.txt, , 0)
[04:30:24][virtualfilesystem.cpp:454]: Done enumerating 'common/tutorial_lesson_chains'(.txt, , 0) in 0.000 seconds
[04:30:24][virtualfilesystem.cpp:486]: Starting pre-enumerating 'common/tutorial_lessons'(.txt, , 0)
[04:30:24][virtualfilesystem.cpp:454]: Done enumerating 'common/tutorial_lessons'(.txt, , 0) in 0.000 seconds
[04:30:24][pdx_localize.cpp:257]: Key 'JOMINI_MULTIPLAYER_GUI_START_NOT_HOST' defined in multiple files: 'localization/jomini/multiplayer_gui/multiplayer_gui_l_english.yml', 'localization/english/interfaces_l_english.yml'
[04:30:24][pdx_localize.cpp:257]: Key 'JOMINI_MULTIPLAYER_GUI_NOT_IN_PREPARATION_LOBBY' defined in multiple files: 'localization/jomini/multiplayer_gui/multiplayer_gui_l_english.yml', 'localization/english/interfaces_l_english.yml'
[04:30:24][pdx_localize.cpp:257]: Key 'JOMINI_MULTIPLAYER_GUI_PLAYER_NOT_READY' defined in multiple files: 'localization/jomini/multiplayer_gui/multiplayer_gui_l_english.yml', 'localization/english/interfaces_l_english.yml'
[04:30:24][pdx_localize.cpp:257]: Key 'JOMINI_MULTIPLAYER_GUI_INVALID_PLAYER' defined in multiple files: 'localization/jomini/multiplayer_gui/multiplayer_gui_l_english.yml', 'localization/english/interfaces_l_english.yml'
[04:30:24][pdx_localize.cpp:257]: Key 'JOMINI_MULTIPLAYER_GUI_ALREADY_SELECTED' defined in multiple files: 'localization/jomini/multiplayer_gui/multiplayer_gui_l_english.yml', 'localization/english/interfaces_l_english.yml'
[04:30:24][pdx_localize.cpp:257]: Key 'JOMINI_MULTIPLAYER_GUI_EMPTY_USERNAME' defined in multiple files: 'localization/jomini/multiplayer_gui/multiplayer_gui_l_english.yml', 'localization/english/interfaces_l_english.yml'
[04:30:24][pdx_localize.cpp:257]: Key 'JOMINI_MULTIPLAYER_GUI_MULTIPLAYER_INACCESSIBLE_NAKAMA_RELOGIN' defined in multiple files: 'localization/jomini/multiplayer_gui/multiplayer_gui_l_english.yml', 'localization/english/interfaces_l_english.yml'
[04:30:24][pdx_localize.cpp:257]: Key 'JOMINI_MULTIPLAYER_GUI_MULTIPLAYER_INACCESSIBLE_NO_CHECKSUM' defined in multiple files: 'localization/jomini/multiplayer_gui/multiplayer_gui_l_english.yml', 'localization/english/interfaces_l_english.yml'
[04:30:24][pdx_localize.cpp:257]: Key 'JOMINI_MULTIPLAYER_GUI_MULTIPLAYER_INACCESSIBLE' defined in multiple files: 'localization/jomini/multiplayer_gui/multiplayer_gui_l_english.yml', 'localization/english/interfaces_l_english.yml'
[04:30:24][pdx_localize.cpp:257]: Key 'CAMERA_TABLETOP' defined in multiple files: 'localization/cw_settings_l_english.yml', 'localization/english/settings_l_english.yml'
[04:30:24][pdx_localize.cpp:257]: Key 'SETTING_Master' defined in multiple files: 'localization/cw_settings_l_english.yml', 'localization/english/settings_l_english.yml'
[04:30:24][pdx_localize.cpp:257]: Key 'SETTING_Music' defined in multiple files: 'localization/cw_settings_l_english.yml', 'localization/english/settings_l_english.yml'
[04:30:24][pdx_localize.cpp:257]: Key 'SETTING_UI' defined in multiple files: 'localization/cw_settings_l_english.yml', 'localization/english/settings_l_english.yml'
[04:30:24][pdx_localize.cpp:257]: Key 'SETTING_Effects' defined in multiple files: 'localization/cw_settings_l_english.yml', 'localization/english/settings_l_english.yml'
[04:30:24][pdx_localize.cpp:257]: Key 'SETTING_Master_TOOLTIP' defined in multiple files: 'localization/cw_settings_l_english.yml', 'localization/english/settings_l_english.yml'
[04:30:24][pdx_localize.cpp:257]: Key 'SETTING_Music_TOOLTIP' defined in multiple files: 'localization/cw_settings_l_english.yml', 'localization/english/settings_l_english.yml'
[04:30:24][pdx_localize.cpp:257]: Key 'SETTING_UI_TOOLTIP' defined in multiple files: 'localization/cw_settings_l_english.yml', 'localization/english/settings_l_english.yml'
[04:30:24][pdx_localize.cpp:257]: Key 'SETTING_AUDIO_DEVICE_PROFILE' defined in multiple files: 'localization/cw_settings_l_english.yml', 'localization/english/settings_l_english.yml'
[04:30:24][pdx_localize.cpp:257]: Key 'SETTING_AUDIO_DEVICE_PROFILE_TOOLTIP' defined in multiple files: 'localization/cw_settings_l_english.yml', 'localization/english/settings_l_english.yml'
[04:30:24][pdx_localize.cpp:257]: Key 'SETTING_AUDIO_OPTION_HEADPHONES' defined in multiple files: 'localization/cw_settings_l_english.yml', 'localization/english/settings_l_english.yml'
[04:30:24][pdx_localize.cpp:257]: Key 'SETTING_AUDIO_OPTION_HEADPHONES_TOOLTIP' defined in multiple files: 'localization/cw_settings_l_english.yml', 'localization/english/settings_l_english.yml'
[04:30:24][pdx_localize.cpp:257]: Key 'SETTING_AUDIO_OPTION_SPEAKERS' defined in multiple files: 'localization/cw_settings_l_english.yml', 'localization/english/settings_l_english.yml'
[04:30:24][pdx_localize.cpp:257]: Key 'SETTING_AUDIO_OPTION_SPEAKERS_TOOLTIP' defined in multiple files: 'localization/cw_settings_l_english.yml', 'localization/english/settings_l_english.yml'
[04:30:24][pdx_localize.cpp:257]: Key 'SETTING_AUDIO_OPTION_TV' defined in multiple files: 'localization/cw_settings_l_english.yml', 'localization/english/settings_l_english.yml'
[04:30:24][pdx_localize.cpp:257]: Key 'SETTING_AUDIO_OPTION_TV_TOOLTIP' defined in multiple files: 'localization/cw_settings_l_english.yml', 'localization/english/settings_l_english.yml'
[04:30:24][pdx_localize.cpp:257]: Key 'SETTING_AUDIO_OPTION_NIGHTMODE' defined in multiple files: 'localization/cw_settings_l_english.yml', 'localization/english/settings_l_english.yml'
[04:30:24][pdx_localize.cpp:257]: Key 'SETTING_AUDIO_OPTION_NIGHTMODE_TOOLTIP' defined in multiple files: 'localization/cw_settings_l_english.yml', 'localization/english/settings_l_english.yml'
[04:30:24][pdx_localize.cpp:257]: Key 'SETTINGS_FILE_TRANSFER_SPEED_TOOLTIP' defined in multiple files: 'localization/cw_settings_l_english.yml', 'localization/english/settings_l_english.yml'
[04:30:24][pdx_localize.cpp:257]: Key 'SETTING_FILL_IN_IMPASSABLE_TERRAIN_TOOLTIP' defined in multiple files: 'localization/cw_settings_l_english.yml', 'localization/english/settings_l_english.yml'
[04:30:24][pdx_localize.cpp:257]: Key 'SETTING_PROVINCE_NAMES_TOOLTIP' defined in multiple files: 'localization/cw_settings_l_english.yml', 'localization/english/settings_l_english.yml'
[04:30:24][pdx_localize.cpp:257]: Key 'SETTING_ENABLE_PARTICLES' defined in multiple files: 'localization/cw_settings_l_english.yml', 'localization/english/settings_l_english.yml'
[04:30:24][pdx_localize.cpp:257]: Key 'SETTING_ENABLE_PARTICLES_TOOLTIP' defined in multiple files: 'localization/cw_settings_l_english.yml', 'localization/english/settings_l_english.yml'
[04:30:24][pdx_localize.cpp:257]: Key 'MOD_BACKEND_NOT_AVAILABLE_STEAM' defined in multiple files: 'localization/gui/cw_ugc_dlc_l_english.yml', 'localization/jomini/pdx_mod_dlc_manager/cw_ugc_dlc_l_english.yml'
[04:30:24][pdx_localize.cpp:257]: Key 'MOD_NAME_INVALID_SIZE' defined in multiple files: 'localization/gui/cw_ugc_dlc_l_english.yml', 'localization/jomini/pdx_mod_dlc_manager/cw_ugc_dlc_l_english.yml'
[04:30:24][pdx_localize.cpp:257]: Key 'MOD_PATH_EMPTY' defined in multiple files: 'localization/gui/cw_ugc_dlc_l_english.yml', 'localization/jomini/pdx_mod_dlc_manager/cw_ugc_dlc_l_english.yml'
[04:30:24][pdx_localize.cpp:257]: Key 'MOD_PATH_INVALID' defined in multiple files: 'localization/gui/cw_ugc_dlc_l_english.yml', 'localization/jomini/pdx_mod_dlc_manager/cw_ugc_dlc_l_english.yml'
[04:30:24][pdx_localize.cpp:257]: Key 'MOD_DESCRIPTION_EMPTY' defined in multiple files: 'localization/gui/cw_ugc_dlc_l_english.yml', 'localization/jomini/pdx_mod_dlc_manager/cw_ugc_dlc_l_english.yml'
[04:30:24][pdx_localize.cpp:257]: Key 'MOD_PLAYSET_IS_AUTOMATICALLY_SORTED_ENABLED' defined in multiple files: 'localization/gui/cw_ugc_dlc_l_english.yml', 'localization/jomini/pdx_mod_dlc_manager/cw_ugc_dlc_l_english.yml'
[04:30:24][pdx_localize.cpp:257]: Key 'MOD_PLAYSET_IS_AUTOMATICALLY_SORTED_DISABLED' defined in multiple files: 'localization/gui/cw_ugc_dlc_l_english.yml', 'localization/jomini/pdx_mod_dlc_manager/cw_ugc_dlc_l_english.yml'
[04:30:24][pdx_localize.cpp:257]: Key 'MOD_PLAYSET_IS_AUTOMATICALLY_SORTED_BUTTON' defined in multiple files: 'localization/gui/cw_ugc_dlc_l_english.yml', 'localization/jomini/pdx_mod_dlc_manager/cw_ugc_dlc_l_english.yml'
[04:30:24][pdx_json_settings.cpp:327]: [SPdxJsonSettingsIO] "pdx_settings.json" file lacks "language" setting in "System" category.
[04:30:24][pdxassetutil.cpp:304]: ThreadedInitTextureLookup: gfx/models
[04:30:24][icondatabase.h:265]: Default icon not found for size: gfx/interface/icons/dlcs/_default_background.dds. Trying using _default.dds 
[04:30:24][pdx_gui_animation_set_database.cpp:322]: CAnimationSetDatabase::ParseFile: Reloading animation set 'guitest_animations' from file 'gui/animations/test_asset.guianimset'
[04:30:24][icondatabase.h:265]: Default icon not found for size: gfx/interface/vegetation/_default_big.dds. Trying using _default.dds 
[04:30:24][icondatabase.h:265]: Default icon not found for size: gfx/interface/topography/_default_big.dds. Trying using _default.dds 
[04:30:24][icondatabase.h:265]: Default icon not found for size: gfx/interface/icons/unit_ability/_default_small.dds. Trying using _default.dds 
[04:30:24][icondatabase.h:265]: Default icon not found for size: gfx/interface/icons/unit_ability/_default_flat.dds. Trying using _default.dds 
[04:30:25][icondatabase.h:265]: Default icon not found for size: gfx/interface/illustrations/societal_values/_default_left.dds. Trying using _default.dds 
[04:30:25][icondatabase.h:265]: Default icon not found for size: gfx/interface/illustrations/societal_values/_default_right.dds. Trying using _default.dds 
[04:30:25][icondatabase.h:265]: Default icon not found for size: gfx/interface/icons/societal_values/_default_left.dds. Trying using _default.dds 
[04:30:25][icondatabase.h:265]: Default icon not found for size: gfx/interface/icons/societal_values/_default_right.dds. Trying using _default.dds 
[04:30:25][icondatabase.h:265]: Default icon not found for size: gfx/interface/illustrations/missions/_default.dds. Trying using _default.dds 
[04:30:25][icondatabase.h:265]: Default icon not found for size: gfx/interface/mapitems/_default.dds. Trying using _default.dds 
[04:30:25][icondatabase.h:265]: Default icon not found for size: gfx/interface/icons/unit_battle_category/_default.dds. Trying using _default.dds 
[04:30:25][pdxassetutil.cpp:313]: ThreadedInitTextureLookup found 8574 files
[04:30:25][pdx_persistent_reader.cpp:289]: Error: "Unknown trigger type: year, near line: 11" in file: "events/historical_flavor_events.txt" near line: 12
[04:30:25][jomini_dynamicdescription.cpp:67]: Unrecognized loc key historical_flavor.2008.title. events/historical_flavor_events.txt:31
[04:30:25][jomini_dynamicdescription.cpp:67]: Unrecognized loc key historical_flavor.2008.desc. events/historical_flavor_events.txt:32
[04:30:25][jomini_scriptvalue.h:730]: Cannot read [gold_threshold_moderate] as a script value
[04:30:25][jomini_scriptvalue.h:438]: Badly read script value gold_threshold_moderate at events/historical_flavor_events.txt:51
[04:30:25][pdx_persistent_reader.cpp:289]: Error: "Unknown trigger type: government_rank, near line: 50
Unknown trigger type: military_power, near line: 54
Unknown trigger type: has_technology_group, near line: 55" in file: "events/historical_flavor_events.txt" near line: 56
[04:30:25][jomini_scriptvalue.h:730]: Cannot read [stability_threshold_very_weak] as a script value
[04:30:25][jomini_scriptvalue.h:438]: Badly read script value stability_threshold_very_weak at events/historical_flavor_events.txt:59
[04:30:25][pdx_persistent_reader.cpp:289]: Error: "Unknown trigger type: is_at_war, near line: 58" in file: "events/historical_flavor_events.txt" near line: 60
[04:30:25][jomini_dynamicdescription.cpp:67]: Unrecognized loc key historical_flavor.2008.a. CEventOptionDesc:172
[04:30:25][jomini_scriptvalue.h:730]: Cannot read [army_tradition_minor_bonus] as a script value
[04:30:25][jomini_scriptvalue.h:438]: Badly read script value army_tradition_minor_bonus at events/historical_flavor_events.txt:64
[04:30:25][jomini_effect.cpp:556]: Unknown effect add_military_power at events/historical_flavor_events.txt:65
[04:30:25][jomini_dynamicdescription.cpp:67]: Unrecognized loc key historical_flavor.2008.b. CEventOptionDesc:172
[04:30:25][jomini_effect.cpp:556]: Unknown effect add_military_power at events/historical_flavor_events.txt:70
[04:30:25][jomini_dynamicdescription.cpp:67]: Unrecognized loc key historical_flavor.2009.title. events/historical_flavor_events.txt:77
[04:30:25][jomini_dynamicdescription.cpp:67]: Unrecognized loc key historical_flavor.2009.desc. events/historical_flavor_events.txt:78
[04:30:25][pdx_persistent_reader.cpp:289]: Error: "Unknown trigger type: capital_location, near line: 94
Unknown trigger type: location_development, near line: 97" in file: "events/historical_flavor_events.txt" near line: 98
[04:30:25][jomini_trigger.cpp:805]: has_estate: Inconsistent trigger scopes (country vs. character) at events/historical_flavor_events.txt:105
[04:30:25][pdx_persistent_reader.cpp:289]: Error: "Unknown trigger type: location:augsburg.state, near line: 99
Unknown trigger type: trade_efficiency, near line: 104" in file: "events/historical_flavor_events.txt" near line: 106
[04:30:25][jomini_dynamicdescription.cpp:67]: Unrecognized loc key historical_flavor.2009.a. CEventOptionDesc:172
[04:30:25][jomini_scriptvalue.h:730]: Cannot read [gold_very_large_reward] as a script value
[04:30:25][jomini_scriptvalue.h:438]: Badly read script value gold_very_large_reward at events/historical_flavor_events.txt:111
[04:30:25][jomini_effect.cpp:556]: Unknown effect location:augsburg.state at events/historical_flavor_events.txt:112
[04:30:25][jomini_scriptvalue.h:730]: Cannot read [development_moderate_bonus] as a script value
[04:30:25][jomini_scriptvalue.h:438]: Badly read script value development_moderate_bonus at events/historical_flavor_events.txt:117
[04:30:25][jomini_dynamicdescription.cpp:67]: Unrecognized loc key historical_flavor.2009.b. CEventOptionDesc:172
[04:30:25][jomini_scriptvalue.h:730]: Cannot read [gold_large_reward] as a script value
[04:30:25][jomini_scriptvalue.h:438]: Badly read script value gold_large_reward at events/historical_flavor_events.txt:144
[04:30:25][jomini_scriptvalue.h:730]: Cannot read [prestige_moderate_bonus] as a script value
[04:30:25][jomini_scriptvalue.h:438]: Badly read script value prestige_moderate_bonus at events/historical_flavor_events.txt:145
[04:30:25][jomini_dynamicdescription.cpp:67]: Unrecognized loc key historical_flavor.2010.title. events/historical_flavor_events.txt:156
[04:30:25][jomini_dynamicdescription.cpp:67]: Unrecognized loc key historical_flavor.2010.desc. events/historical_flavor_events.txt:157
[04:30:25][pdx_persistent_reader.cpp:289]: Error: "Unknown trigger type: is_war_enemy_of, near line: 178
Unknown trigger type: capital_location, near line: 179" in file: "events/historical_flavor_events.txt" near line: 180
[04:30:25][pdx_persistent_reader.cpp:289]: Error: "Unknown trigger type: military_power, near line: 184" in file: "events/historical_flavor_events.txt" near line: 185
[04:30:25][jomini_dynamicdescription.cpp:67]: Unrecognized loc key historical_flavor.2010.a. CEventOptionDesc:172
[04:30:25][jomini_effect.cpp:556]: Unknown effect add_military_power at events/historical_flavor_events.txt:189
[04:30:25][jomini_dynamicdescription.cpp:67]: Unrecognized loc key historical_flavor.2010.b. CEventOptionDesc:172
[04:30:25][jomini_scriptvalue.h:730]: Cannot read [prestige_large_bonus] as a script value
[04:30:25][jomini_scriptvalue.h:438]: Badly read script value prestige_large_bonus at events/historical_flavor_events.txt:215
[04:30:25][jomini_scriptvalue.h:730]: Cannot read [army_tradition_minor_bonus] as a script value
[04:30:25][jomini_scriptvalue.h:438]: Badly read script value army_tradition_minor_bonus at events/historical_flavor_events.txt:216
[04:30:25][jomini_dynamicdescription.cpp:67]: Unrecognized loc key historical_flavor.2011.title. events/historical_flavor_events.txt:223
[04:30:25][jomini_dynamicdescription.cpp:67]: Unrecognized loc key historical_flavor.2011.desc. events/historical_flavor_events.txt:224
[04:30:25][pdx_persistent_reader.cpp:289]: Error: "Unknown trigger type: any_owned_state, near line: 246" in file: "events/historical_flavor_events.txt" near line: 251
[04:30:25][pdx_persistent_reader.cpp:289]: Error: "Unknown trigger type: is_at_war, near line: 255
Unknown trigger type: has_rival, near line: 257" in file: "events/historical_flavor_events.txt" near line: 258
[04:30:25][jomini_dynamicdescription.cpp:67]: Unrecognized loc key historical_flavor.2011.a. CEventOptionDesc:172
[04:30:25][jomini_effect.cpp:556]: Unknown effect add_military_power at events/historical_flavor_events.txt:264
[04:30:25][jomini_dynamicdescription.cpp:67]: Unrecognized loc key historical_flavor.2011.b. CEventOptionDesc:172
[04:30:25][jomini_scriptvalue.h:730]: Cannot read [prestige_moderate_bonus] as a script value
[04:30:25][jomini_scriptvalue.h:438]: Badly read script value prestige_moderate_bonus at events/historical_flavor_events.txt:290
[04:30:25][jomini_scriptvalue.h:730]: Cannot read [legitimacy_minor_bonus] as a script value
[04:30:25][jomini_scriptvalue.h:438]: Badly read script value legitimacy_minor_bonus at events/historical_flavor_events.txt:291
[04:30:25][jomini_effect.cpp:556]: Unknown effect add_military_power at events/historical_flavor_events.txt:292
[04:30:25][jomini_dynamicdescription.cpp:67]: Unrecognized loc key historical_flavor.2012.title. events/historical_flavor_events.txt:299
[04:30:25][jomini_dynamicdescription.cpp:67]: Unrecognized loc key historical_flavor.2012.desc. events/historical_flavor_events.txt:300
[04:30:25][pdx_persistent_reader.cpp:289]: Error: "Unknown trigger type: capital_location, near line: 316
Unknown trigger type: location_development, near line: 319" in file: "events/historical_flavor_events.txt" near line: 320
[04:30:25][pdx_persistent_reader.cpp:289]: Error: "Unknown trigger type: has_innovation_institution, near line: 324" in file: "events/historical_flavor_events.txt" near line: 325
[04:30:25][jomini_scriptvalue.h:730]: Cannot read [stability_threshold_very_weak] as a script value
[04:30:25][jomini_scriptvalue.h:438]: Badly read script value stability_threshold_very_weak at events/historical_flavor_events.txt:327
[04:30:25][jomini_dynamicdescription.cpp:67]: Unrecognized loc key historical_flavor.2012.a. CEventOptionDesc:172
[04:30:25][jomini_scriptvalue.h:730]: Cannot read [research_progress_moderate_bonus] as a script value
[04:30:25][jomini_scriptvalue.h:438]: Badly read script value research_progress_moderate_bonus at events/historical_flavor_events.txt:332
[04:30:25][jomini_effect.cpp:556]: Unknown effect location:nurnberg.state at events/historical_flavor_events.txt:333
[04:30:25][jomini_scriptvalue.h:730]: Cannot read [prestige_moderate_bonus] as a script value
[04:30:25][jomini_scriptvalue.h:438]: Badly read script value prestige_moderate_bonus at events/historical_flavor_events.txt:340
[04:30:25][jomini_dynamicdescription.cpp:67]: Unrecognized loc key historical_flavor.2012.b. CEventOptionDesc:172
[04:30:25][jomini_scriptvalue.h:730]: Cannot read [legitimacy_minor_bonus] as a script value
[04:30:25][jomini_scriptvalue.h:438]: Badly read script value legitimacy_minor_bonus at events/historical_flavor_events.txt:362
[04:30:25][jomini_effect.cpp:556]: Unknown effect add_administrative_power at events/historical_flavor_events.txt:363
[04:30:25][jomini_dynamicdescription.cpp:67]: Unrecognized loc key historical_flavor.2013.title. events/historical_flavor_events.txt:371
[04:30:25][jomini_dynamicdescription.cpp:67]: Unrecognized loc key historical_flavor.2013.desc. events/historical_flavor_events.txt:372
[04:30:25][pdx_persistent_reader.cpp:289]: Error: "Unknown trigger type: IF, near line: 393
Unknown trigger type: IF, near line: 406" in file: "events/historical_flavor_events.txt" near line: 415
[04:30:25][jomini_dynamicdescription.cpp:67]: Unrecognized loc key historical_flavor.2013.a. CEventOptionDesc:172
[04:30:25][jomini_scriptvalue.h:730]: Cannot read [prestige_very_large_bonus] as a script value
[04:30:25][jomini_scriptvalue.h:438]: Badly read script value prestige_very_large_bonus at events/historical_flavor_events.txt:425
[04:30:25][jomini_scriptvalue.h:730]: Cannot read [legitimacy_moderate_bonus] as a script value
[04:30:25][jomini_scriptvalue.h:438]: Badly read script value legitimacy_moderate_bonus at events/historical_flavor_events.txt:426
[04:30:25][jomini_dynamicdescription.cpp:67]: Unrecognized loc key historical_flavor.2013.b. CEventOptionDesc:172
[04:30:25][jomini_scriptvalue.h:730]: Cannot read [prestige_large_penalty] as a script value
[04:30:25][jomini_scriptvalue.h:438]: Badly read script value prestige_large_penalty at events/historical_flavor_events.txt:432
[04:30:25][jomini_scriptvalue.h:730]: Cannot read [legitimacy_moderate_penalty] as a script value
[04:30:25][jomini_scriptvalue.h:438]: Badly read script value legitimacy_moderate_penalty at events/historical_flavor_events.txt:433
[04:30:25][jomini_dynamicdescription.cpp:67]: Unrecognized loc key historical_flavor.2013.c. CEventOptionDesc:172
[04:30:25][jomini_effect.cpp:556]: Unknown effect add_military_power at events/historical_flavor_events.txt:438
[04:30:25][jomini_dynamicdescription.cpp:67]: Unrecognized loc key historical_flavor.2014.title. events/historical_flavor_events.txt:445
[04:30:25][jomini_dynamicdescription.cpp:67]: Unrecognized loc key historical_flavor.2014.desc. events/historical_flavor_events.txt:446
[04:30:25][pdx_persistent_reader.cpp:289]: Error: "Unknown trigger type: capital_location, near line: 462" in file: "events/historical_flavor_events.txt" near line: 467
[04:30:25][jomini_scriptvalue.h:730]: Cannot read [war_exhaustion_threshold_moderate] as a script value
[04:30:25][jomini_scriptvalue.h:438]: Badly read script value war_exhaustion_threshold_moderate at events/historical_flavor_events.txt:470
[04:30:25][pdx_persistent_reader.cpp:289]: Error: "Unknown trigger type: is_at_war, near line: 469" in file: "events/historical_flavor_events.txt" near line: 471
[04:30:25][jomini_dynamicdescription.cpp:67]: Unrecognized loc key historical_flavor.2014.a. CEventOptionDesc:172
[04:30:25][jomini_effect.cpp:556]: Unknown effect location:magdeburg.state at events/historical_flavor_events.txt:491
[04:30:25][jomini_scriptvalue.h:730]: Cannot read [development_catastrophic_penalty] as a script value
[04:30:25][jomini_scriptvalue.h:438]: Badly read script value development_catastrophic_penalty at events/historical_flavor_events.txt:496
[04:30:25][jomini_scriptvalue.h:730]: Cannot read [prestige_large_penalty] as a script value
[04:30:25][jomini_scriptvalue.h:438]: Badly read script value prestige_large_penalty at events/historical_flavor_events.txt:498
[04:30:25][jomini_scriptvalue.h:730]: Cannot read [war_exhaustion_moderate_bonus] as a script value
[04:30:25][jomini_scriptvalue.h:438]: Badly read script value war_exhaustion_moderate_bonus at events/historical_flavor_events.txt:499
[04:30:25][jomini_dynamicdescription.cpp:67]: Unrecognized loc key historical_flavor.2014.b. CEventOptionDesc:172
[04:30:25][jomini_effect.cpp:556]: Unknown effect location:magdeburg.state at events/historical_flavor_events.txt:509
[04:30:25][jomini_scriptvalue.h:730]: Cannot read [prestige_moderate_penalty] as a script value
[04:30:25][jomini_scriptvalue.h:438]: Badly read script value prestige_moderate_penalty at events/historical_flavor_events.txt:517
[04:30:25][jomini_dynamicdescription.cpp:67]: Unrecognized loc key historical_flavor.2015.title. events/historical_flavor_events.txt:524
[04:30:25][jomini_dynamicdescription.cpp:67]: Unrecognized loc key historical_flavor.2015.desc. events/historical_flavor_events.txt:525
[04:30:25][pdx_persistent_reader.cpp:289]: Error: "Unknown trigger type: location_development, near line: 544" in file: "events/historical_flavor_events.txt" near line: 545
[04:30:25][pdx_persistent_reader.cpp:289]: Error: "Unknown trigger type: location:napoli.state, near line: 549" in file: "events/historical_flavor_events.txt" near line: 552
[04:30:25][jomini_scriptvalue.h:730]: Cannot read [gold_threshold_moderate] as a script value
[04:30:25][jomini_scriptvalue.h:438]: Badly read script value gold_threshold_moderate at events/historical_flavor_events.txt:554
[04:30:25][jomini_scriptvalue.h:730]: Cannot read [prestige_threshold_weak] as a script value
[04:30:25][jomini_scriptvalue.h:438]: Badly read script value prestige_threshold_weak at events/historical_flavor_events.txt:555
[04:30:25][jomini_dynamicdescription.cpp:67]: Unrecognized loc key historical_flavor.2015.a. CEventOptionDesc:172
[04:30:25][jomini_effect.cpp:556]: Unknown effect location:napoli.state at events/historical_flavor_events.txt:560
[04:30:25][jomini_scriptvalue.h:730]: Cannot read [research_progress_moderate_bonus] as a script value
[04:30:25][jomini_scriptvalue.h:438]: Badly read script value research_progress_moderate_bonus at events/historical_flavor_events.txt:567
[04:30:25][jomini_scriptvalue.h:730]: Cannot read [prestige_moderate_bonus] as a script value
[04:30:25][jomini_scriptvalue.h:438]: Badly read script value prestige_moderate_bonus at events/historical_flavor_events.txt:568
[04:30:25][jomini_dynamicdescription.cpp:67]: Unrecognized loc key historical_flavor.2015.b. CEventOptionDesc:172
[04:30:25][jomini_effect.cpp:556]: Unknown effect add_administrative_power at events/historical_flavor_events.txt:590
[04:30:25][jomini_dynamicdescription.cpp:67]: Unrecognized loc key historical_flavor.2016.title. events/historical_flavor_events.txt:598
[04:30:25][jomini_dynamicdescription.cpp:67]: Unrecognized loc key historical_flavor.2016.desc. events/historical_flavor_events.txt:599
[04:30:25][jomini_scriptvalue.h:730]: Cannot read [army_size_threshold_large] as a script value
[04:30:25][jomini_scriptvalue.h:438]: Badly read script value army_size_threshold_large at events/historical_flavor_events.txt:616
[04:30:25][pdx_persistent_reader.cpp:289]: Error: "Unknown trigger type: military_power, near line: 617
Unknown trigger type: is_at_war, near line: 620
Unknown trigger type: capital_location, near line: 623" in file: "events/historical_flavor_events.txt" near line: 624
[04:30:25][pdx_persistent_reader.cpp:289]: Error: "Unknown trigger type: army_professionalism, near line: 629
Unknown trigger type: military_technology, near line: 630" in file: "events/historical_flavor_events.txt" near line: 631
[04:30:25][jomini_dynamicdescription.cpp:67]: Unrecognized loc key historical_flavor.2016.a. CEventOptionDesc:172
[04:30:25][jomini_effect.cpp:556]: Unknown effect add_military_power at events/historical_flavor_events.txt:636
[04:30:25][jomini_scriptvalue.h:730]: Cannot read [prestige_large_bonus] as a script value
[04:30:25][jomini_scriptvalue.h:438]: Badly read script value prestige_large_bonus at events/historical_flavor_events.txt:637
[04:30:25][jomini_scriptvalue.h:730]: Cannot read [army_tradition_moderate_bonus] as a script value
[04:30:25][jomini_scriptvalue.h:438]: Badly read script value army_tradition_moderate_bonus at events/historical_flavor_events.txt:638
[04:30:25][jomini_dynamicdescription.cpp:67]: Unrecognized loc key historical_flavor.2016.b. CEventOptionDesc:172
[04:30:25][jomini_scriptvalue.h:730]: Cannot read [legitimacy_moderate_bonus] as a script value
[04:30:25][jomini_scriptvalue.h:438]: Badly read script value legitimacy_moderate_bonus at events/historical_flavor_events.txt:664
[04:30:25][jomini_scriptvalue.h:730]: Cannot read [gold_moderate_reward] as a script value
[04:30:25][jomini_scriptvalue.h:438]: Badly read script value gold_moderate_reward at events/historical_flavor_events.txt:665
[04:30:25][jomini_effect.cpp:556]: Unknown effect add_military_power at events/historical_flavor_events.txt:666
[04:30:25][jomini_dynamicdescription.cpp:67]: Unrecognized loc key historical_flavor.2017.title. events/historical_flavor_events.txt:673
[04:30:25][jomini_dynamicdescription.cpp:67]: Unrecognized loc key historical_flavor.2017.desc. events/historical_flavor_events.txt:674
[04:30:25][pdx_persistent_reader.cpp:289]: Error: "Unknown trigger type: any_owned_state, near line: 697" in file: "events/historical_flavor_events.txt" near line: 705
[04:30:25][pdx_persistent_reader.cpp:289]: Error: "Unknown trigger type: has_rival, near line: 710
Unknown trigger type: has_rival, near line: 711" in file: "events/historical_flavor_events.txt" near line: 711
[04:30:25][jomini_scriptvalue.h:730]: Cannot read [stability_threshold_weak] as a script value
[04:30:25][jomini_scriptvalue.h:438]: Badly read script value stability_threshold_weak at events/historical_flavor_events.txt:712
[04:30:25][jomini_dynamicdescription.cpp:67]: Unrecognized loc key historical_flavor.2017.a. CEventOptionDesc:172
[04:30:25][jomini_scriptvalue.h:730]: Cannot read [stability_minor_penalty] as a script value
[04:30:25][jomini_scriptvalue.h:438]: Badly read script value stability_minor_penalty at events/historical_flavor_events.txt:718
[04:30:25][jomini_dynamicdescription.cpp:67]: Unrecognized loc key historical_flavor.2017.b. CEventOptionDesc:172
[04:30:25][jomini_scriptvalue.h:730]: Cannot read [legitimacy_moderate_penalty] as a script value
[04:30:25][jomini_scriptvalue.h:438]: Badly read script value legitimacy_moderate_penalty at events/historical_flavor_events.txt:724
[04:30:25][jomini_dynamicdescription.cpp:67]: Unrecognized loc key historical_flavor.2018.title. events/historical_flavor_events.txt:732
[04:30:25][jomini_dynamicdescription.cpp:67]: Unrecognized loc key historical_flavor.2018.desc. events/historical_flavor_events.txt:733
[04:30:25][pdx_persistent_reader.cpp:289]: Error: "Unknown trigger type: capital_location, near line: 750" in file: "events/historical_flavor_events.txt" near line: 754
[04:30:25][jomini_scriptvalue.h:730]: Cannot read [stability_threshold_very_weak] as a script value
[04:30:25][jomini_scriptvalue.h:438]: Badly read script value stability_threshold_very_weak at events/historical_flavor_events.txt:766
[04:30:25][pdx_persistent_reader.cpp:289]: Error: "Unknown trigger type: any_owned_state, near line: 757" in file: "events/historical_flavor_events.txt" near line: 767
[04:30:25][jomini_dynamicdescription.cpp:67]: Unrecognized loc key historical_flavor.2018.a. CEventOptionDesc:172
[04:30:25][jomini_scriptvalue.h:730]: Cannot read [estate_satisfaction_moderate_bonus] as a script value
[04:30:25][jomini_scriptvalue.h:438]: Badly read script value estate_satisfaction_moderate_bonus at events/historical_flavor_events.txt:771
[04:30:25][jomini_scriptvalue.h:730]: Cannot read [stability_minor_bonus] as a script value
[04:30:25][jomini_scriptvalue.h:438]: Badly read script value stability_minor_bonus at events/historical_flavor_events.txt:773
[04:30:25][jomini_dynamicdescription.cpp:67]: Unrecognized loc key historical_flavor.2018.b. CEventOptionDesc:172
[04:30:25][jomini_effect.cpp:556]: Unknown effect add_administrative_power at events/historical_flavor_events.txt:779
[04:30:25][jomini_dynamicdescription.cpp:67]: Unrecognized loc key historical_flavor.2019.title. events/historical_flavor_events.txt:786
[04:30:25][jomini_dynamicdescription.cpp:67]: Unrecognized loc key historical_flavor.2019.desc. events/historical_flavor_events.txt:787
[04:30:25][pdx_persistent_reader.cpp:289]: Error: "Unknown trigger type: location_development, near line: 807" in file: "events/historical_flavor_events.txt" near line: 808
[04:30:25][jomini_trigger.cpp:805]: has_estate: Inconsistent trigger scopes (country vs. character) at events/historical_flavor_events.txt:815
[04:30:25][pdx_persistent_reader.cpp:289]: Error: "Unknown trigger type: location:barcelona.state, near line: 809
Unknown trigger type: trade_efficiency, near line: 814
Unknown trigger type: any_owned_state, near line: 816" in file: "events/historical_flavor_events.txt" near line: 821
[04:30:25][jomini_dynamicdescription.cpp:67]: Unrecognized loc key historical_flavor.2019.a. CEventOptionDesc:172
[04:30:25][jomini_effect.cpp:556]: Unknown effect location:barcelona.state at events/historical_flavor_events.txt:830
[04:30:25][jomini_scriptvalue.h:730]: Cannot read [gold_moderate_reward] as a script value
[04:30:25][jomini_scriptvalue.h:438]: Badly read script value gold_moderate_reward at events/historical_flavor_events.txt:833
[04:30:25][jomini_dynamicdescription.cpp:67]: Unrecognized loc key historical_flavor.2019.b. CEventOptionDesc:172
[04:30:25][jomini_scriptvalue.h:730]: Cannot read [prestige_moderate_bonus] as a script value
[04:30:25][jomini_scriptvalue.h:438]: Badly read script value prestige_moderate_bonus at events/historical_flavor_events.txt:838
[04:30:25][jomini_dynamicdescription.cpp:67]: Unrecognized loc key historical_flavor.2020.title. events/historical_flavor_events.txt:846
[04:30:25][jomini_dynamicdescription.cpp:67]: Unrecognized loc key historical_flavor.2020.desc. events/historical_flavor_events.txt:847
[04:30:25][jomini_scriptvalue.h:730]: Cannot read [war_exhaustion_threshold_weak] as a script value
[04:30:25][jomini_scriptvalue.h:438]: Badly read script value war_exhaustion_threshold_weak at events/historical_flavor_events.txt:867
[04:30:25][pdx_persistent_reader.cpp:289]: Error: "Unknown trigger type: is_at_war, near line: 866" in file: "events/historical_flavor_events.txt" near line: 871
[04:30:25][pdx_persistent_reader.cpp:289]: Error: "Unknown trigger type: capital_location, near line: 878" in file: "events/historical_flavor_events.txt" near line: 879
[04:30:25][pdx_persistent_reader.cpp:289]: Error: "Unknown trigger type: trade_efficiency, near line: 880" in file: "events/historical_flavor_events.txt" near line: 881
[04:30:25][jomini_dynamicdescription.cpp:67]: Unrecognized loc key historical_flavor.2020.a. CEventOptionDesc:172
[04:30:25][jomini_effect.cpp:556]: Unknown effect location:troyes.state at events/historical_flavor_events.txt:886
[04:30:25][jomini_scriptvalue.h:730]: Cannot read [gold_weak_penalty] as a script value
[04:30:25][jomini_scriptvalue.h:438]: Badly read script value gold_weak_penalty at events/historical_flavor_events.txt:889
[04:30:25][jomini_dynamicdescription.cpp:67]: Unrecognized loc key historical_flavor.2020.b. CEventOptionDesc:172
[04:30:25][jomini_effect.cpp:556]: Unknown effect location:troyes.state at events/historical_flavor_events.txt:894
[04:30:25][jomini_scriptvalue.h:730]: Cannot read [prestige_minor_penalty] as a script value
[04:30:25][jomini_scriptvalue.h:438]: Badly read script value prestige_minor_penalty at events/historical_flavor_events.txt:897
[04:30:25][jomini_dynamicdescription.cpp:67]: Unrecognized loc key historical_flavor.2021.title. events/historical_flavor_events.txt:904
[04:30:25][jomini_dynamicdescription.cpp:67]: Unrecognized loc key historical_flavor.2021.desc. events/historical_flavor_events.txt:905
[04:30:25][jomini_trigger.cpp:805]: has_estate: Inconsistent trigger scopes (country vs. character) at events/historical_flavor_events.txt:922
[04:30:25][jomini_scriptvalue.h:730]: Cannot read [stability_threshold_moderate] as a script value
[04:30:25][jomini_scriptvalue.h:438]: Badly read script value stability_threshold_moderate at events/historical_flavor_events.txt:924
[04:30:25][pdx_persistent_reader.cpp:289]: Error: "Unknown trigger type: capital_location, near line: 921
Unknown trigger type: any_owned_state, near line: 923
Unknown trigger type: is_at_war, near line: 924" in file: "events/historical_flavor_events.txt" near line: 924
[04:30:25][jomini_dynamicdescription.cpp:67]: Unrecognized loc key historical_flavor.2021.a. CEventOptionDesc:172
[04:30:25][jomini_scriptvalue.h:730]: Cannot read [development_large_bonus] as a script value
[04:30:25][jomini_scriptvalue.h:438]: Badly read script value development_large_bonus at events/historical_flavor_events.txt:929
[04:30:25][jomini_scriptvalue.h:730]: Cannot read [gold_very_large_reward] as a script value
[04:30:25][jomini_scriptvalue.h:438]: Badly read script value gold_very_large_reward at events/historical_flavor_events.txt:930
[04:30:25][jomini_scriptvalue.h:730]: Cannot read [societal_value_moderate_move_to_right] as a script value
[04:30:25][jomini_scriptvalue.h:438]: Badly read script value societal_value_moderate_move_to_right at events/historical_flavor_events.txt:933
[04:30:25][jomini_dynamicdescription.cpp:67]: Unrecognized loc key historical_flavor.2021.b. CEventOptionDesc:172
[04:30:25][jomini_scriptvalue.h:730]: Cannot read [prestige_large_bonus] as a script value
[04:30:25][jomini_scriptvalue.h:438]: Badly read script value prestige_large_bonus at events/historical_flavor_events.txt:956
[04:30:25][jomini_scriptvalue.h:730]: Cannot read [gold_large_reward] as a script value
[04:30:25][jomini_scriptvalue.h:438]: Badly read script value gold_large_reward at events/historical_flavor_events.txt:957
[04:30:25][jomini_scriptvalue.h:730]: Cannot read [development_moderate_bonus] as a script value
[04:30:25][jomini_scriptvalue.h:438]: Badly read script value development_moderate_bonus at events/historical_flavor_events.txt:959
[04:30:25][jomini_dynamicdescription.cpp:67]: Unrecognized loc key historical_flavor.2022.title. events/historical_flavor_events.txt:967
[04:30:25][jomini_dynamicdescription.cpp:67]: Unrecognized loc key historical_flavor.2022.desc. events/historical_flavor_events.txt:968
[04:30:25][jomini_scriptvalue.h:730]: Cannot read [liberty_desire_threshold_moderate] as a script value
[04:30:25][jomini_scriptvalue.h:438]: Badly read script value liberty_desire_threshold_moderate at events/historical_flavor_events.txt:989
[04:30:25][jomini_trigger.cpp:805]: has_estate: Inconsistent trigger scopes (country vs. character) at events/historical_flavor_events.txt:993
[04:30:25][jomini_dynamicdescription.cpp:67]: Unrecognized loc key historical_flavor.2022.a. CEventOptionDesc:172
[04:30:25][jomini_scriptvalue.h:730]: Cannot read [legitimacy_large_bonus] as a script value
[04:30:25][jomini_scriptvalue.h:438]: Badly read script value legitimacy_large_bonus at events/historical_flavor_events.txt:1005
[04:30:25][jomini_scriptvalue.h:730]: Cannot read [prestige_very_large_bonus] as a script value
[04:30:25][jomini_scriptvalue.h:438]: Badly read script value prestige_very_large_bonus at events/historical_flavor_events.txt:1006
[04:30:25][jomini_effect.cpp:918]: Failed to read 'value' for 'add_opinion' at events/historical_flavor_events.txt:1016
[04:30:25][jomini_dynamicdescription.cpp:67]: Unrecognized loc key historical_flavor.2022.b. CEventOptionDesc:172
[04:30:25][jomini_scriptvalue.h:730]: Cannot read [prestige_large_bonus] as a script value
[04:30:25][jomini_scriptvalue.h:438]: Badly read script value prestige_large_bonus at events/historical_flavor_events.txt:1022
[04:30:25][jomini_scriptvalue.h:730]: Cannot read [prestige_large_bonus] as a script value
[04:30:25][jomini_scriptvalue.h:438]: Badly read script value prestige_large_bonus at events/historical_flavor_events.txt:1023
[04:30:25][jomini_scriptvalue.h:730]: Cannot read [estate_satisfaction_moderate_bonus] as a script value
[04:30:25][jomini_scriptvalue.h:438]: Badly read script value estate_satisfaction_moderate_bonus at events/historical_flavor_events.txt:1024
[04:30:25][jomini_dynamicdescription.cpp:67]: Unrecognized loc key historical_flavor.2022.c. CEventOptionDesc:172
[04:30:25][jomini_effect.cpp:556]: Unknown effect target at events/historical_flavor_events.txt:1034
[04:30:25][pdx_persistent_reader.cpp:289]: Error: "Unexpected token: add_prestige, near line: 1036" in file: "events/historical_flavor_events.txt" near line: 1036
[04:30:25][pdx_persistent_reader.cpp:289]: Error: "Unexpected token: add_army_tradition, near line: 1037" in file: "events/historical_flavor_events.txt" near line: 1037
[04:30:25][jomini_eventmanager.cpp:583]: Namespace '}' used in event '}' (file: events/historical_flavor_events.txt) is not defined in this file - it might not load properly.
[04:30:25][jomini_eventmanager.cpp:136]: '}' is not a valid event ID, can't be <= 0
[04:30:25][pdx_persistent_reader.cpp:289]: Error: "Unexpected token: =, near line: 1042" in file: "events/historical_flavor_events.txt" near line: 1104
[04:30:25][pdx_persistent_reader.cpp:289]: Error: "Unexpected token: historical_flavor.2024, near line: 1107" in file: "events/historical_flavor_events.txt" near line: 1180
[04:30:25][pdx_persistent_reader.cpp:289]: Error: "Unexpected token: historical_flavor.2025, near line: 1183" in file: "events/historical_flavor_events.txt" near line: 1239
[04:30:25][pdx_persistent_reader.cpp:289]: Error: "Unexpected token: historical_flavor.2026, near line: 1242" in file: "events/historical_flavor_events.txt" near line: 1294
[04:30:25][pdx_persistent_reader.cpp:289]: Error: "Unexpected token: historical_flavor.2027, near line: 1297" in file: "events/historical_flavor_events.txt" near line: 1353
[04:30:25][pdx_persistent_reader.cpp:289]: Error: "Unexpected token: historical_flavor.2028, near line: 1356" in file: "events/historical_flavor_events.txt" near line: 1413
[04:30:25][pdx_persistent_reader.cpp:289]: Error: "Unexpected token: historical_flavor.2029, near line: 1416" in file: "events/historical_flavor_events.txt" near line: 1482
[04:30:25][pdx_persistent_reader.cpp:289]: Error: "Unexpected token: historical_flavor.2030, near line: 1485" in file: "events/historical_flavor_events.txt" near line: 1566
[04:30:25][pdx_persistent_reader.cpp:289]: Error: "Unexpected token: historical_flavor.2031, near line: 1569" in file: "events/historical_flavor_events.txt" near line: 1640
[04:30:25][pdx_persistent_reader.cpp:289]: Error: "Unexpected token: historical_flavor.2032, near line: 1643" in file: "events/historical_flavor_events.txt" near line: 1701
[04:30:25][pdx_persistent_reader.cpp:289]: Error: "Unexpected token: historical_flavor.2032_fra, near line: 1704" in file: "events/historical_flavor_events.txt" near line: 1754
[04:30:25][pdx_persistent_reader.cpp:289]: Error: "Unexpected token: historical_flavor.2033, near line: 1757" in file: "events/historical_flavor_events.txt" near line: 1818
[04:30:25][pdx_persistent_reader.cpp:289]: Error: "Unexpected token: historical_flavor.2033_ally, near line: 1821" in file: "events/historical_flavor_events.txt" near line: 1868
[04:30:25][icondatabase.h:265]: Default icon not found for size: gfx/interface/icons/avatars/_default.dds. Trying using _default.dds 
[04:30:30][pdx_persistent_reader.cpp:289]: Error: "Failed to read key reference: idea_group_limit_3: idea_group_limit_3, near line: 3
Failed to read key reference: iv2_innovation_points_limit_1: iv2_innovation_points_limit_1, near line: 3
Failed to read key reference: iv2_generic_conquest_cb_1: iv2_generic_conquest_cb_1, near line: 3
Failed to read key reference: iv2_rule_ig_buildings_1: iv2_rule_ig_buildings_1, near line: 3
Failed to read key reference: iv2_rule_guard_units_1: iv2_rule_guard_units_1, near line: 3
Failed to read key reference: iv2_rule_exploration_ideas_3: iv2_rule_exploration_ideas_3, near line: 3
Failed to read key reference: historical_timur_conquests: historical_timur_conquests, near line: 3
Failed to read key reference: historical_turkomen: historical_turkomen, near line: 3
Failed to read key reference: historical_safavids: historical_safavids, near line: 3" in file: "" near line: 3
[04:30:39][pdx_persistent_reader.cpp:289]: Error: "Unknown trigger type: current_later_age_3_renaissance_trigger, near line: 107" in file: "common/scripted_triggers/game_triggers.txt" near line: 107
[04:30:39][pdx_persistent_reader.cpp:289]: Error: "Failed to read key reference: idea_group_limit_3: idea_group_limit_3, near line: 3
Failed to read key reference: iv2_innovation_points_limit_1: iv2_innovation_points_limit_1, near line: 3
Failed to read key reference: iv2_generic_conquest_cb_1: iv2_generic_conquest_cb_1, near line: 3
Failed to read key reference: iv2_rule_ig_buildings_1: iv2_rule_ig_buildings_1, near line: 3
Failed to read key reference: iv2_rule_guard_units_1: iv2_rule_guard_units_1, near line: 3
Failed to read key reference: iv2_rule_exploration_ideas_3: iv2_rule_exploration_ideas_3, near line: 3
Failed to read key reference: historical_timur_conquests: historical_timur_conquests, near line: 3
Failed to read key reference: historical_turkomen: historical_turkomen, near line: 3
Failed to read key reference: historical_safavids: historical_safavids, near line: 3" in file: "" near line: 3
