[04:05:55][dlc_reloadable.cpp:276]: Found sentinel file from a previous boot, game was shut down unexpectedly before InGame stage. This could be due to mods, disabling mods this startup to make sure in-game mod manager is available.
[04:06:06][pdx_persistent_reader.cpp:289]: Error: "Failed to read key reference: idea_group_limit_3: idea_group_limit_3, near line: 3
Failed to read key reference: iv2_innovation_points_limit_1: iv2_innovation_points_limit_1, near line: 3
Failed to read key reference: iv2_generic_conquest_cb_1: iv2_generic_conquest_cb_1, near line: 3
Failed to read key reference: iv2_rule_ig_buildings_1: iv2_rule_ig_buildings_1, near line: 3
Failed to read key reference: iv2_rule_guard_units_1: iv2_rule_guard_units_1, near line: 3
Failed to read key reference: iv2_rule_exploration_ideas_3: iv2_rule_exploration_ideas_3, near line: 3
Failed to read key reference: historical_timur_conquests: historical_timur_conquests, near line: 3
Failed to read key reference: historical_turkomen: historical_turkomen, near line: 3
Failed to read key reference: historical_safavids: historical_safavids, near line: 3" in file: "" near line: 3
[04:06:17][pdx_persistent_reader.cpp:289]: Error: "Failed to read key reference: idea_group_limit_3: idea_group_limit_3, near line: 3
Failed to read key reference: iv2_innovation_points_limit_1: iv2_innovation_points_limit_1, near line: 3
Failed to read key reference: iv2_generic_conquest_cb_1: iv2_generic_conquest_cb_1, near line: 3
Failed to read key reference: iv2_rule_ig_buildings_1: iv2_rule_ig_buildings_1, near line: 3
Failed to read key reference: iv2_rule_guard_units_1: iv2_rule_guard_units_1, near line: 3
Failed to read key reference: iv2_rule_exploration_ideas_3: iv2_rule_exploration_ideas_3, near line: 3
Failed to read key reference: historical_timur_conquests: historical_timur_conquests, near line: 3
Failed to read key reference: historical_turkomen: historical_turkomen, near line: 3
Failed to read key reference: historical_safavids: historical_safavids, near line: 3" in file: "" near line: 3
[04:06:41][pdx_data_factory.cpp:1460]: Could not find data system function 'AAIO'
[04:06:41][pdx_data_factory.cpp:1090]: Failed converting statement for 'AAIO'
[04:06:41][pdx_data_localize.cpp:136]: Data error in loc string 'MODS_GUI_MOD_CHECKSUM_WARNING'
[04:06:41][pdx_data_factory.cpp:1460]: Could not find data system function 'AAIO'
[04:06:41][pdx_data_factory.cpp:1090]: Failed converting statement for 'AAIO'
[04:06:41][pdx_data_localize.cpp:136]: Data error in loc string 'MODS_GUI_MOD_CHECKSUM_WARNING'
[04:07:03][pdx_localize.cpp:221]: Duplicate localization key. Key 'HL_STRICT_REGULATIONS_EFFECT' is defined in both 'localization/english/hanseatic_league_l_english.yml' and 'localization/english/hanseatic_league_l_english.yml'.
[04:07:05][pdx_localize.cpp:221]: Duplicate localization key. Key 'HL_STRICT_REGULATIONS_EFFECT' is defined in both 'localization/english/hanseatic_league_l_english.yml' and 'localization/english/hanseatic_league_l_english.yml'.
[04:07:05][pdx_persistent_reader.cpp:289]: Error: "Unexpected token: desc, near line: 18" in file: "common/laws/22_hanseatic_league.txt" near line: 18
[04:07:05][pdx_persistent_reader.cpp:289]: Error: "Unexpected token: if, near line: 19" in file: "common/laws/22_hanseatic_league.txt" near line: 19
[04:07:05][pdx_persistent_reader.cpp:289]: Error: "Unexpected token: desc, near line: 24" in file: "common/laws/22_hanseatic_league.txt" near line: 24
[04:07:05][pdx_persistent_reader.cpp:289]: Error: "Unexpected token: value, near line: 25" in file: "common/laws/22_hanseatic_league.txt" near line: 25
[04:07:05][pdx_persistent_reader.cpp:289]: Error: "Unexpected token: desc, near line: 28" in file: "common/laws/22_hanseatic_league.txt" near line: 28
[04:07:05][pdx_persistent_reader.cpp:289]: Error: "Unexpected token: if, near line: 29" in file: "common/laws/22_hanseatic_league.txt" near line: 34
[04:07:05][gamedatabase.h:391]: Duplicated key wants_this_policy_bias will not be created from file: common/laws/22_hanseatic_league.txt:46
[04:07:05][gamedatabase.h:391]: Duplicated key } will not be created from file: common/laws/22_hanseatic_league.txt:54
[04:07:05][gamedatabase.h:391]: Duplicated key = will not be created from file: common/laws/22_hanseatic_league.txt:54
[04:07:05][gamedatabase.h:391]: Duplicated key member_modifier will not be created from file: common/laws/22_hanseatic_league.txt:55
[04:07:05][gamedatabase.h:391]: Duplicated key wants_this_policy_bias will not be created from file: common/laws/22_hanseatic_league.txt:58
[04:07:05][gamedatabase.h:391]: Duplicated key } will not be created from file: common/laws/22_hanseatic_league.txt:65
[04:07:05][pdx_persistent_reader.cpp:289]: Error: "Unexpected token: member_modifier, near line: 77" in file: "common/laws/22_hanseatic_league.txt" near line: 79
[04:07:05][pdx_persistent_reader.cpp:289]: Error: "Unknown trigger type: num_of_merchants, near line: 107" in file: "common/laws/22_hanseatic_league.txt" near line: 108
[04:07:05][pdx_persistent_reader.cpp:289]: Error: "Unexpected token: member_modifier, near line: 128" in file: "common/laws/22_hanseatic_league.txt" near line: 131
[04:07:05][pdx_persistent_reader.cpp:289]: Error: "Unexpected token: member_modifier, near line: 150" in file: "common/laws/22_hanseatic_league.txt" near line: 153
[04:07:05][pdx_persistent_reader.cpp:289]: Error: "Unknown trigger type: num_of_merchants, near line: 167" in file: "common/laws/22_hanseatic_league.txt" near line: 169
[04:07:05][pdx_persistent_reader.cpp:289]: Error: "Unexpected token: member_modifier, near line: 187" in file: "common/laws/22_hanseatic_league.txt" near line: 190
[04:07:05][pdx_persistent_reader.cpp:289]: Error: "Unexpected token: member_modifier, near line: 242" in file: "common/laws/22_hanseatic_league.txt" near line: 244
[04:07:05][pdx_persistent_reader.cpp:289]: Error: "Unknown trigger type: capital_region, near line: 263" in file: "common/laws/22_hanseatic_league.txt" near line: 263
[04:07:05][pdx_persistent_reader.cpp:289]: Error: "Unknown trigger type: capital_region, near line: 264" in file: "common/laws/22_hanseatic_league.txt" near line: 264
[04:07:05][pdx_persistent_reader.cpp:289]: Error: "Unexpected token: member_modifier, near line: 283" in file: "common/laws/22_hanseatic_league.txt" near line: 287
[04:07:05][pdx_persistent_reader.cpp:289]: Error: "Unknown trigger type: num_of_rivals, near line: 312" in file: "common/laws/22_hanseatic_league.txt" near line: 313
[04:07:05][pdx_persistent_reader.cpp:289]: Error: "Unexpected token: member_modifier, near line: 333" in file: "common/laws/22_hanseatic_league.txt" near line: 335
[04:07:05][pdx_persistent_reader.cpp:289]: Error: "Unexpected token: member_modifier, near line: 345" in file: "common/laws/22_hanseatic_league.txt" near line: 348
[04:07:05][pdx_persistent_reader.cpp:289]: Error: "Unknown trigger type: num_of_allies, near line: 358" in file: "common/laws/22_hanseatic_league.txt" near line: 359
[04:07:05][pdx_persistent_reader.cpp:289]: Error: "Unknown trigger type: num_of_provinces, near line: 367" in file: "common/laws/22_hanseatic_league.txt" near line: 368
[04:07:06][jomini_eventmanager.cpp:136]: '0000' is not a valid event ID, can't be <= 0
[04:07:06][jomini_dynamicdescription.cpp:67]: Unrecognized loc key historical_flavor.0000.title. events/historical_flavor_events.txt:9
[04:07:06][jomini_dynamicdescription.cpp:67]: Unrecognized loc key historical_flavor.0000.desc. events/historical_flavor_events.txt:10
[04:07:06][jomini_dynamicdescription.cpp:67]: Unrecognized loc key historical_flavor.0000.a. CEventOptionDesc:172
[04:07:06][jomini_dynamicdescription.cpp:67]: Unrecognized loc key historical_flavor.2008.title. events/historical_flavor_events.txt:23
[04:07:06][jomini_dynamicdescription.cpp:67]: Unrecognized loc key historical_flavor.2008.desc. events/historical_flavor_events.txt:24
[04:07:06][event.cpp:250]: unknown illustration tag 'soldiers' (cf. gfx/illustrations/database for valid list of tags) events/historical_flavor_events.txt:34
[04:07:06][jomini_eventtarget.cpp:749]: Failed to find a valid event target link 'gold_threshold_moderate' at events/historical_flavor_events.txt:43
[04:07:06][jomini_scriptvalue.h:730]: Cannot read [gold_threshold_moderate] as a script value
[04:07:06][jomini_scriptvalue.h:438]: Badly read script value gold_threshold_moderate at events/historical_flavor_events.txt:43
[04:07:06][pdx_persistent_reader.cpp:289]: Error: "Unknown trigger type: government_rank, near line: 42
Unknown trigger type: military_power, near line: 46
Unknown trigger type: has_technology_group, near line: 47" in file: "events/historical_flavor_events.txt" near line: 48
[04:07:06][jomini_eventtarget.cpp:749]: Failed to find a valid event target link 'stability_threshold_very_weak' at events/historical_flavor_events.txt:51
[04:07:06][jomini_scriptvalue.h:730]: Cannot read [stability_threshold_very_weak] as a script value
[04:07:06][jomini_scriptvalue.h:438]: Badly read script value stability_threshold_very_weak at events/historical_flavor_events.txt:51
[04:07:06][pdx_persistent_reader.cpp:289]: Error: "Unknown trigger type: is_at_war, near line: 50" in file: "events/historical_flavor_events.txt" near line: 52
[04:07:06][jomini_dynamicdescription.cpp:67]: Unrecognized loc key historical_flavor.2008.a. CEventOptionDesc:172
[04:07:06][jomini_eventtarget.cpp:749]: Failed to find a valid event target link 'army_tradition_minor_bonus' at events/historical_flavor_events.txt:56
[04:07:06][jomini_scriptvalue.h:730]: Cannot read [army_tradition_minor_bonus] as a script value
[04:07:06][jomini_scriptvalue.h:438]: Badly read script value army_tradition_minor_bonus at events/historical_flavor_events.txt:56
[04:07:06][jomini_effect.cpp:556]: Unknown effect add_military_power at events/historical_flavor_events.txt:57
[04:07:06][jomini_dynamicdescription.cpp:67]: Unrecognized loc key historical_flavor.2008.b. CEventOptionDesc:172
[04:07:06][jomini_effect.cpp:556]: Unknown effect add_military_power at events/historical_flavor_events.txt:62
[04:07:06][jomini_dynamicdescription.cpp:67]: Unrecognized loc key historical_flavor.2009.title. events/historical_flavor_events.txt:69
[04:07:06][jomini_dynamicdescription.cpp:67]: Unrecognized loc key historical_flavor.2009.desc. events/historical_flavor_events.txt:70
[04:07:06][event.cpp:250]: unknown illustration tag 'merchants' (cf. gfx/illustrations/database for valid list of tags) events/historical_flavor_events.txt:80
[04:07:06][event.cpp:250]: unknown illustration tag 'wealth' (cf. gfx/illustrations/database for valid list of tags) events/historical_flavor_events.txt:81
[04:07:06][pdx_persistent_reader.cpp:289]: Error: "Unknown trigger type: capital_location, near line: 86
Unknown trigger type: location_development, near line: 89" in file: "events/historical_flavor_events.txt" near line: 90
[04:07:06][jomini_trigger.cpp:805]: has_estate: Inconsistent trigger scopes (country vs. character) at events/historical_flavor_events.txt:97
[04:07:06][pdx_persistent_reader.cpp:289]: Error: "Unknown trigger type: location:augsburg.state, near line: 91
Unknown trigger type: trade_efficiency, near line: 96" in file: "events/historical_flavor_events.txt" near line: 98
[04:07:06][jomini_dynamicdescription.cpp:67]: Unrecognized loc key historical_flavor.2009.a. CEventOptionDesc:172
[04:07:06][jomini_eventtarget.cpp:749]: Failed to find a valid event target link 'gold_very_large_reward' at events/historical_flavor_events.txt:103
[04:07:06][jomini_scriptvalue.h:730]: Cannot read [gold_very_large_reward] as a script value
[04:07:06][jomini_scriptvalue.h:438]: Badly read script value gold_very_large_reward at events/historical_flavor_events.txt:103
[04:07:06][jomini_effect.cpp:556]: Unknown effect location:augsburg.state at events/historical_flavor_events.txt:104
[04:07:06][jomini_eventtarget.cpp:749]: Failed to find a valid event target link 'development_moderate_bonus' at events/historical_flavor_events.txt:109
[04:07:06][jomini_scriptvalue.h:730]: Cannot read [development_moderate_bonus] as a script value
[04:07:06][jomini_scriptvalue.h:438]: Badly read script value development_moderate_bonus at events/historical_flavor_events.txt:109
[04:07:06][jomini_dynamicdescription.cpp:67]: Unrecognized loc key historical_flavor.2009.b. CEventOptionDesc:172
[04:07:06][jomini_eventtarget.cpp:749]: Failed to find a valid event target link 'gold_large_reward' at events/historical_flavor_events.txt:136
[04:07:06][jomini_scriptvalue.h:730]: Cannot read [gold_large_reward] as a script value
[04:07:06][jomini_scriptvalue.h:438]: Badly read script value gold_large_reward at events/historical_flavor_events.txt:136
[04:07:06][jomini_eventtarget.cpp:749]: Failed to find a valid event target link 'prestige_moderate_bonus' at events/historical_flavor_events.txt:137
[04:07:06][jomini_scriptvalue.h:730]: Cannot read [prestige_moderate_bonus] as a script value
[04:07:06][jomini_scriptvalue.h:438]: Badly read script value prestige_moderate_bonus at events/historical_flavor_events.txt:137
[04:07:06][jomini_dynamicdescription.cpp:67]: Unrecognized loc key historical_flavor.2010.title. events/historical_flavor_events.txt:148
[04:07:06][jomini_dynamicdescription.cpp:67]: Unrecognized loc key historical_flavor.2010.desc. events/historical_flavor_events.txt:149
[04:07:06][event.cpp:250]: unknown illustration tag 'battle' (cf. gfx/illustrations/database for valid list of tags) events/historical_flavor_events.txt:159
[04:07:06][event.cpp:250]: unknown illustration tag 'soldiers' (cf. gfx/illustrations/database for valid list of tags) events/historical_flavor_events.txt:160
[04:07:06][pdx_persistent_reader.cpp:289]: Error: "Unknown trigger type: is_war_enemy_of, near line: 170
Unknown trigger type: capital_location, near line: 171" in file: "events/historical_flavor_events.txt" near line: 172
[04:07:06][pdx_persistent_reader.cpp:289]: Error: "Unknown trigger type: military_power, near line: 176" in file: "events/historical_flavor_events.txt" near line: 177
[04:07:06][jomini_dynamicdescription.cpp:67]: Unrecognized loc key historical_flavor.2010.a. CEventOptionDesc:172
[04:07:06][jomini_effect.cpp:556]: Unknown effect add_military_power at events/historical_flavor_events.txt:181
[04:07:06][jomini_dynamicdescription.cpp:67]: Unrecognized loc key historical_flavor.2010.b. CEventOptionDesc:172
[04:07:06][jomini_eventtarget.cpp:749]: Failed to find a valid event target link 'prestige_large_bonus' at events/historical_flavor_events.txt:207
[04:07:06][jomini_scriptvalue.h:730]: Cannot read [prestige_large_bonus] as a script value
[04:07:06][jomini_scriptvalue.h:438]: Badly read script value prestige_large_bonus at events/historical_flavor_events.txt:207
[04:07:06][jomini_eventtarget.cpp:749]: Failed to find a valid event target link 'army_tradition_minor_bonus' at events/historical_flavor_events.txt:208
[04:07:06][jomini_scriptvalue.h:730]: Cannot read [army_tradition_minor_bonus] as a script value
[04:07:06][jomini_scriptvalue.h:438]: Badly read script value army_tradition_minor_bonus at events/historical_flavor_events.txt:208
[04:07:06][jomini_dynamicdescription.cpp:67]: Unrecognized loc key historical_flavor.2011.title. events/historical_flavor_events.txt:215
[04:07:06][jomini_dynamicdescription.cpp:67]: Unrecognized loc key historical_flavor.2011.desc. events/historical_flavor_events.txt:216
[04:07:06][event.cpp:250]: unknown illustration tag 'soldiers' (cf. gfx/illustrations/database for valid list of tags) events/historical_flavor_events.txt:226
[04:07:06][pdx_persistent_reader.cpp:289]: Error: "Unknown trigger type: any_owned_state, near line: 238" in file: "events/historical_flavor_events.txt" near line: 243
[04:07:06][pdx_persistent_reader.cpp:289]: Error: "Unknown trigger type: is_at_war, near line: 247
Unknown trigger type: has_rival, near line: 249" in file: "events/historical_flavor_events.txt" near line: 250
[04:07:06][jomini_dynamicdescription.cpp:67]: Unrecognized loc key historical_flavor.2011.a. CEventOptionDesc:172
[04:07:06][jomini_effect.cpp:556]: Unknown effect add_military_power at events/historical_flavor_events.txt:256
[04:07:06][jomini_dynamicdescription.cpp:67]: Unrecognized loc key historical_flavor.2011.b. CEventOptionDesc:172
[04:07:06][jomini_eventtarget.cpp:749]: Failed to find a valid event target link 'prestige_moderate_bonus' at events/historical_flavor_events.txt:282
[04:07:06][jomini_scriptvalue.h:730]: Cannot read [prestige_moderate_bonus] as a script value
[04:07:06][jomini_scriptvalue.h:438]: Badly read script value prestige_moderate_bonus at events/historical_flavor_events.txt:282
[04:07:06][jomini_eventtarget.cpp:749]: Failed to find a valid event target link 'legitimacy_minor_bonus' at events/historical_flavor_events.txt:283
[04:07:06][jomini_scriptvalue.h:730]: Cannot read [legitimacy_minor_bonus] as a script value
[04:07:06][jomini_scriptvalue.h:438]: Badly read script value legitimacy_minor_bonus at events/historical_flavor_events.txt:283
[04:07:06][jomini_effect.cpp:556]: Unknown effect add_military_power at events/historical_flavor_events.txt:284
[04:07:06][jomini_dynamicdescription.cpp:67]: Unrecognized loc key historical_flavor.2012.title. events/historical_flavor_events.txt:291
[04:07:06][jomini_dynamicdescription.cpp:67]: Unrecognized loc key historical_flavor.2012.desc. events/historical_flavor_events.txt:292
[04:07:06][event.cpp:250]: unknown illustration tag 'writing' (cf. gfx/illustrations/database for valid list of tags) events/historical_flavor_events.txt:302
[04:07:06][pdx_persistent_reader.cpp:289]: Error: "Unknown trigger type: capital_location, near line: 308
Unknown trigger type: location_development, near line: 311" in file: "events/historical_flavor_events.txt" near line: 312
[04:07:06][pdx_persistent_reader.cpp:289]: Error: "Unknown trigger type: has_innovation_institution, near line: 316" in file: "events/historical_flavor_events.txt" near line: 317
[04:07:06][jomini_eventtarget.cpp:749]: Failed to find a valid event target link 'stability_threshold_very_weak' at events/historical_flavor_events.txt:319
[04:07:06][jomini_scriptvalue.h:730]: Cannot read [stability_threshold_very_weak] as a script value
[04:07:06][jomini_scriptvalue.h:438]: Badly read script value stability_threshold_very_weak at events/historical_flavor_events.txt:319
[04:07:06][jomini_dynamicdescription.cpp:67]: Unrecognized loc key historical_flavor.2012.a. CEventOptionDesc:172
[04:07:06][jomini_eventtarget.cpp:749]: Failed to find a valid event target link 'research_progress_moderate_bonus' at events/historical_flavor_events.txt:324
[04:07:06][jomini_scriptvalue.h:730]: Cannot read [research_progress_moderate_bonus] as a script value
[04:07:06][jomini_scriptvalue.h:438]: Badly read script value research_progress_moderate_bonus at events/historical_flavor_events.txt:324
[04:07:06][jomini_effect.cpp:556]: Unknown effect location:nurnberg.state at events/historical_flavor_events.txt:325
[04:07:06][jomini_eventtarget.cpp:749]: Failed to find a valid event target link 'prestige_moderate_bonus' at events/historical_flavor_events.txt:332
[04:07:06][jomini_scriptvalue.h:730]: Cannot read [prestige_moderate_bonus] as a script value
[04:07:06][jomini_scriptvalue.h:438]: Badly read script value prestige_moderate_bonus at events/historical_flavor_events.txt:332
[04:07:06][jomini_dynamicdescription.cpp:67]: Unrecognized loc key historical_flavor.2012.b. CEventOptionDesc:172
[04:07:06][jomini_eventtarget.cpp:749]: Failed to find a valid event target link 'legitimacy_minor_bonus' at events/historical_flavor_events.txt:354
[04:07:06][jomini_scriptvalue.h:730]: Cannot read [legitimacy_minor_bonus] as a script value
[04:07:06][jomini_scriptvalue.h:438]: Badly read script value legitimacy_minor_bonus at events/historical_flavor_events.txt:354
[04:07:06][jomini_effect.cpp:556]: Unknown effect add_administrative_power at events/historical_flavor_events.txt:355
[04:07:06][jomini_dynamicdescription.cpp:67]: Unrecognized loc key historical_flavor.2013.title. events/historical_flavor_events.txt:363
[04:07:06][jomini_dynamicdescription.cpp:67]: Unrecognized loc key historical_flavor.2013.desc. events/historical_flavor_events.txt:364
[04:07:06][event.cpp:250]: unknown illustration tag 'battle' (cf. gfx/illustrations/database for valid list of tags) events/historical_flavor_events.txt:374
[04:07:06][pdx_persistent_reader.cpp:289]: Error: "Unknown trigger type: IF, near line: 385
Unknown trigger type: IF, near line: 398" in file: "events/historical_flavor_events.txt" near line: 407
[04:07:06][jomini_dynamicdescription.cpp:67]: Unrecognized loc key historical_flavor.2013.a. CEventOptionDesc:172
[04:07:06][jomini_eventtarget.cpp:749]: Failed to find a valid event target link 'prestige_very_large_bonus' at events/historical_flavor_events.txt:417
[04:07:06][jomini_scriptvalue.h:730]: Cannot read [prestige_very_large_bonus] as a script value
[04:07:06][jomini_scriptvalue.h:438]: Badly read script value prestige_very_large_bonus at events/historical_flavor_events.txt:417
[04:07:06][jomini_eventtarget.cpp:749]: Failed to find a valid event target link 'legitimacy_moderate_bonus' at events/historical_flavor_events.txt:418
[04:07:06][jomini_scriptvalue.h:730]: Cannot read [legitimacy_moderate_bonus] as a script value
[04:07:06][jomini_scriptvalue.h:438]: Badly read script value legitimacy_moderate_bonus at events/historical_flavor_events.txt:418
[04:07:06][jomini_dynamicdescription.cpp:67]: Unrecognized loc key historical_flavor.2013.b. CEventOptionDesc:172
[04:07:06][jomini_eventtarget.cpp:749]: Failed to find a valid event target link 'prestige_large_penalty' at events/historical_flavor_events.txt:424
[04:07:06][jomini_scriptvalue.h:730]: Cannot read [prestige_large_penalty] as a script value
[04:07:06][jomini_scriptvalue.h:438]: Badly read script value prestige_large_penalty at events/historical_flavor_events.txt:424
[04:07:06][jomini_eventtarget.cpp:749]: Failed to find a valid event target link 'legitimacy_moderate_penalty' at events/historical_flavor_events.txt:425
[04:07:06][jomini_scriptvalue.h:730]: Cannot read [legitimacy_moderate_penalty] as a script value
[04:07:06][jomini_scriptvalue.h:438]: Badly read script value legitimacy_moderate_penalty at events/historical_flavor_events.txt:425
[04:07:06][jomini_dynamicdescription.cpp:67]: Unrecognized loc key historical_flavor.2013.c. CEventOptionDesc:172
[04:07:06][jomini_effect.cpp:556]: Unknown effect add_military_power at events/historical_flavor_events.txt:430
[04:07:06][jomini_dynamicdescription.cpp:67]: Unrecognized loc key historical_flavor.2014.title. events/historical_flavor_events.txt:437
[04:07:06][jomini_dynamicdescription.cpp:67]: Unrecognized loc key historical_flavor.2014.desc. events/historical_flavor_events.txt:438
[04:07:06][event.cpp:250]: unknown illustration tag 'burning_city' (cf. gfx/illustrations/database for valid list of tags) events/historical_flavor_events.txt:448
[04:07:06][pdx_persistent_reader.cpp:289]: Error: "Unknown trigger type: capital_location, near line: 454" in file: "events/historical_flavor_events.txt" near line: 459
[04:07:06][jomini_eventtarget.cpp:749]: Failed to find a valid event target link 'war_exhaustion_threshold_moderate' at events/historical_flavor_events.txt:462
[04:07:06][jomini_scriptvalue.h:730]: Cannot read [war_exhaustion_threshold_moderate] as a script value
[04:07:06][jomini_scriptvalue.h:438]: Badly read script value war_exhaustion_threshold_moderate at events/historical_flavor_events.txt:462
[04:07:06][pdx_persistent_reader.cpp:289]: Error: "Unknown trigger type: is_at_war, near line: 461" in file: "events/historical_flavor_events.txt" near line: 463
[04:07:06][jomini_dynamicdescription.cpp:67]: Unrecognized loc key historical_flavor.2014.a. CEventOptionDesc:172
[04:07:06][jomini_effect.cpp:556]: Unknown effect location:magdeburg.state at events/historical_flavor_events.txt:483
[04:07:06][jomini_eventtarget.cpp:749]: Failed to find a valid event target link 'development_catastrophic_penalty' at events/historical_flavor_events.txt:488
[04:07:06][jomini_scriptvalue.h:730]: Cannot read [development_catastrophic_penalty] as a script value
[04:07:06][jomini_scriptvalue.h:438]: Badly read script value development_catastrophic_penalty at events/historical_flavor_events.txt:488
[04:07:06][jomini_eventtarget.cpp:749]: Failed to find a valid event target link 'prestige_large_penalty' at events/historical_flavor_events.txt:490
[04:07:06][jomini_scriptvalue.h:730]: Cannot read [prestige_large_penalty] as a script value
[04:07:06][jomini_scriptvalue.h:438]: Badly read script value prestige_large_penalty at events/historical_flavor_events.txt:490
[04:07:06][jomini_eventtarget.cpp:749]: Failed to find a valid event target link 'war_exhaustion_moderate_bonus' at events/historical_flavor_events.txt:491
[04:07:06][jomini_scriptvalue.h:730]: Cannot read [war_exhaustion_moderate_bonus] as a script value
[04:07:06][jomini_scriptvalue.h:438]: Badly read script value war_exhaustion_moderate_bonus at events/historical_flavor_events.txt:491
[04:07:06][jomini_dynamicdescription.cpp:67]: Unrecognized loc key historical_flavor.2014.b. CEventOptionDesc:172
[04:07:06][jomini_effect.cpp:556]: Unknown effect location:magdeburg.state at events/historical_flavor_events.txt:501
[04:07:06][jomini_eventtarget.cpp:749]: Failed to find a valid event target link 'prestige_moderate_penalty' at events/historical_flavor_events.txt:509
[04:07:06][jomini_scriptvalue.h:730]: Cannot read [prestige_moderate_penalty] as a script value
[04:07:06][jomini_scriptvalue.h:438]: Badly read script value prestige_moderate_penalty at events/historical_flavor_events.txt:509
[04:07:06][jomini_dynamicdescription.cpp:67]: Unrecognized loc key historical_flavor.2015.title. events/historical_flavor_events.txt:516
[04:07:06][jomini_dynamicdescription.cpp:67]: Unrecognized loc key historical_flavor.2015.desc. events/historical_flavor_events.txt:517
[04:07:06][event.cpp:250]: unknown illustration tag 'writing' (cf. gfx/illustrations/database for valid list of tags) events/historical_flavor_events.txt:527
[04:07:06][pdx_persistent_reader.cpp:289]: Error: "Unknown trigger type: location_development, near line: 536" in file: "events/historical_flavor_events.txt" near line: 537
[04:07:06][pdx_persistent_reader.cpp:289]: Error: "Unknown trigger type: location:napoli.state, near line: 541" in file: "events/historical_flavor_events.txt" near line: 544
[04:07:06][jomini_eventtarget.cpp:749]: Failed to find a valid event target link 'gold_threshold_moderate' at events/historical_flavor_events.txt:546
[04:07:06][jomini_scriptvalue.h:730]: Cannot read [gold_threshold_moderate] as a script value
[04:07:06][jomini_scriptvalue.h:438]: Badly read script value gold_threshold_moderate at events/historical_flavor_events.txt:546
[04:07:06][jomini_eventtarget.cpp:749]: Failed to find a valid event target link 'prestige_threshold_weak' at events/historical_flavor_events.txt:547
[04:07:06][jomini_scriptvalue.h:730]: Cannot read [prestige_threshold_weak] as a script value
[04:07:06][jomini_scriptvalue.h:438]: Badly read script value prestige_threshold_weak at events/historical_flavor_events.txt:547
[04:07:06][jomini_dynamicdescription.cpp:67]: Unrecognized loc key historical_flavor.2015.a. CEventOptionDesc:172
[04:07:06][jomini_effect.cpp:556]: Unknown effect location:napoli.state at events/historical_flavor_events.txt:552
[04:07:06][jomini_eventtarget.cpp:749]: Failed to find a valid event target link 'research_progress_moderate_bonus' at events/historical_flavor_events.txt:559
[04:07:06][jomini_scriptvalue.h:730]: Cannot read [research_progress_moderate_bonus] as a script value
[04:07:06][jomini_scriptvalue.h:438]: Badly read script value research_progress_moderate_bonus at events/historical_flavor_events.txt:559
[04:07:06][jomini_eventtarget.cpp:749]: Failed to find a valid event target link 'prestige_moderate_bonus' at events/historical_flavor_events.txt:560
[04:07:06][jomini_scriptvalue.h:730]: Cannot read [prestige_moderate_bonus] as a script value
[04:07:06][jomini_scriptvalue.h:438]: Badly read script value prestige_moderate_bonus at events/historical_flavor_events.txt:560
[04:07:06][jomini_dynamicdescription.cpp:67]: Unrecognized loc key historical_flavor.2015.b. CEventOptionDesc:172
[04:07:06][jomini_effect.cpp:556]: Unknown effect add_administrative_power at events/historical_flavor_events.txt:582
[04:07:06][jomini_dynamicdescription.cpp:67]: Unrecognized loc key historical_flavor.2016.title. events/historical_flavor_events.txt:590
[04:07:06][jomini_dynamicdescription.cpp:67]: Unrecognized loc key historical_flavor.2016.desc. events/historical_flavor_events.txt:591
[04:07:06][event.cpp:250]: unknown illustration tag 'battle' (cf. gfx/illustrations/database for valid list of tags) events/historical_flavor_events.txt:601
[04:07:06][event.cpp:250]: unknown illustration tag 'soldiers' (cf. gfx/illustrations/database for valid list of tags) events/historical_flavor_events.txt:602
[04:07:06][jomini_eventtarget.cpp:749]: Failed to find a valid event target link 'army_size_threshold_large' at events/historical_flavor_events.txt:608
[04:07:06][jomini_scriptvalue.h:730]: Cannot read [army_size_threshold_large] as a script value
[04:07:06][jomini_scriptvalue.h:438]: Badly read script value army_size_threshold_large at events/historical_flavor_events.txt:608
[04:07:06][pdx_persistent_reader.cpp:289]: Error: "Unknown trigger type: military_power, near line: 609
Unknown trigger type: is_at_war, near line: 612
Unknown trigger type: capital_location, near line: 615" in file: "events/historical_flavor_events.txt" near line: 616
[04:07:06][pdx_persistent_reader.cpp:289]: Error: "Unknown trigger type: army_professionalism, near line: 621
Unknown trigger type: military_technology, near line: 622" in file: "events/historical_flavor_events.txt" near line: 623
[04:07:06][jomini_dynamicdescription.cpp:67]: Unrecognized loc key historical_flavor.2016.a. CEventOptionDesc:172
[04:07:06][jomini_effect.cpp:556]: Unknown effect add_military_power at events/historical_flavor_events.txt:628
[04:07:06][jomini_eventtarget.cpp:749]: Failed to find a valid event target link 'prestige_large_bonus' at events/historical_flavor_events.txt:629
[04:07:06][jomini_scriptvalue.h:730]: Cannot read [prestige_large_bonus] as a script value
[04:07:06][jomini_scriptvalue.h:438]: Badly read script value prestige_large_bonus at events/historical_flavor_events.txt:629
[04:07:06][jomini_eventtarget.cpp:749]: Failed to find a valid event target link 'army_tradition_moderate_bonus' at events/historical_flavor_events.txt:630
[04:07:06][jomini_scriptvalue.h:730]: Cannot read [army_tradition_moderate_bonus] as a script value
[04:07:06][jomini_scriptvalue.h:438]: Badly read script value army_tradition_moderate_bonus at events/historical_flavor_events.txt:630
[04:07:06][jomini_dynamicdescription.cpp:67]: Unrecognized loc key historical_flavor.2016.b. CEventOptionDesc:172
[04:07:06][jomini_eventtarget.cpp:749]: Failed to find a valid event target link 'legitimacy_moderate_bonus' at events/historical_flavor_events.txt:656
[04:07:06][jomini_scriptvalue.h:730]: Cannot read [legitimacy_moderate_bonus] as a script value
[04:07:06][jomini_scriptvalue.h:438]: Badly read script value legitimacy_moderate_bonus at events/historical_flavor_events.txt:656
[04:07:06][jomini_eventtarget.cpp:749]: Failed to find a valid event target link 'gold_moderate_reward' at events/historical_flavor_events.txt:657
[04:07:06][jomini_scriptvalue.h:730]: Cannot read [gold_moderate_reward] as a script value
[04:07:06][jomini_scriptvalue.h:438]: Badly read script value gold_moderate_reward at events/historical_flavor_events.txt:657
[04:07:06][jomini_effect.cpp:556]: Unknown effect add_military_power at events/historical_flavor_events.txt:658
[04:07:06][jomini_dynamicdescription.cpp:67]: Unrecognized loc key historical_flavor.2017.title. events/historical_flavor_events.txt:665
[04:07:06][jomini_dynamicdescription.cpp:67]: Unrecognized loc key historical_flavor.2017.desc. events/historical_flavor_events.txt:666
[04:07:06][event.cpp:250]: unknown illustration tag 'angry_mob' (cf. gfx/illustrations/database for valid list of tags) events/historical_flavor_events.txt:676
[04:07:06][pdx_persistent_reader.cpp:289]: Error: "Unknown trigger type: any_owned_state, near line: 689" in file: "events/historical_flavor_events.txt" near line: 697
[04:07:06][pdx_persistent_reader.cpp:289]: Error: "Unknown trigger type: has_rival, near line: 702
Unknown trigger type: has_rival, near line: 703" in file: "events/historical_flavor_events.txt" near line: 703
[04:07:06][jomini_eventtarget.cpp:749]: Failed to find a valid event target link 'stability_threshold_weak' at events/historical_flavor_events.txt:704
[04:07:06][jomini_scriptvalue.h:730]: Cannot read [stability_threshold_weak] as a script value
[04:07:06][jomini_scriptvalue.h:438]: Badly read script value stability_threshold_weak at events/historical_flavor_events.txt:704
[04:07:06][jomini_dynamicdescription.cpp:67]: Unrecognized loc key historical_flavor.2017.a. CEventOptionDesc:172
[04:07:06][jomini_eventtarget.cpp:749]: Failed to find a valid event target link 'stability_minor_penalty' at events/historical_flavor_events.txt:710
[04:07:06][jomini_scriptvalue.h:730]: Cannot read [stability_minor_penalty] as a script value
[04:07:06][jomini_scriptvalue.h:438]: Badly read script value stability_minor_penalty at events/historical_flavor_events.txt:710
[04:07:06][jomini_dynamicdescription.cpp:67]: Unrecognized loc key historical_flavor.2017.b. CEventOptionDesc:172
[04:07:06][jomini_eventtarget.cpp:749]: Failed to find a valid event target link 'legitimacy_moderate_penalty' at events/historical_flavor_events.txt:716
[04:07:06][jomini_scriptvalue.h:730]: Cannot read [legitimacy_moderate_penalty] as a script value
[04:07:06][jomini_scriptvalue.h:438]: Badly read script value legitimacy_moderate_penalty at events/historical_flavor_events.txt:716
[04:07:06][jomini_dynamicdescription.cpp:67]: Unrecognized loc key historical_flavor.2018.title. events/historical_flavor_events.txt:724
[04:07:06][jomini_dynamicdescription.cpp:67]: Unrecognized loc key historical_flavor.2018.desc. events/historical_flavor_events.txt:725
[04:07:06][event.cpp:250]: unknown illustration tag 'council' (cf. gfx/illustrations/database for valid list of tags) events/historical_flavor_events.txt:735
[04:07:06][pdx_persistent_reader.cpp:289]: Error: "Unknown trigger type: capital_location, near line: 742" in file: "events/historical_flavor_events.txt" near line: 746
[04:07:06][jomini_eventtarget.cpp:749]: Failed to find a valid event target link 'stability_threshold_very_weak' at events/historical_flavor_events.txt:758
[04:07:06][jomini_scriptvalue.h:730]: Cannot read [stability_threshold_very_weak] as a script value
[04:07:06][jomini_scriptvalue.h:438]: Badly read script value stability_threshold_very_weak at events/historical_flavor_events.txt:758
[04:07:06][pdx_persistent_reader.cpp:289]: Error: "Unknown trigger type: any_owned_state, near line: 749" in file: "events/historical_flavor_events.txt" near line: 759
[04:07:06][jomini_dynamicdescription.cpp:67]: Unrecognized loc key historical_flavor.2018.a. CEventOptionDesc:172
[04:07:06][jomini_eventtarget.cpp:749]: Failed to find a valid event target link 'estate_satisfaction_moderate_bonus' at events/historical_flavor_events.txt:763
[04:07:06][jomini_scriptvalue.h:730]: Cannot read [estate_satisfaction_moderate_bonus] as a script value
[04:07:06][jomini_scriptvalue.h:438]: Badly read script value estate_satisfaction_moderate_bonus at events/historical_flavor_events.txt:763
[04:07:06][jomini_eventtarget.cpp:749]: Failed to find a valid event target link 'stability_minor_bonus' at events/historical_flavor_events.txt:765
[04:07:06][jomini_scriptvalue.h:730]: Cannot read [stability_minor_bonus] as a script value
[04:07:06][jomini_scriptvalue.h:438]: Badly read script value stability_minor_bonus at events/historical_flavor_events.txt:765
[04:07:06][jomini_dynamicdescription.cpp:67]: Unrecognized loc key historical_flavor.2018.b. CEventOptionDesc:172
[04:07:06][jomini_effect.cpp:556]: Unknown effect add_administrative_power at events/historical_flavor_events.txt:771
[04:07:06][jomini_dynamicdescription.cpp:67]: Unrecognized loc key historical_flavor.2019.title. events/historical_flavor_events.txt:778
[04:07:06][jomini_dynamicdescription.cpp:67]: Unrecognized loc key historical_flavor.2019.desc. events/historical_flavor_events.txt:779
[04:07:06][event.cpp:250]: unknown illustration tag 'merchants' (cf. gfx/illustrations/database for valid list of tags) events/historical_flavor_events.txt:789
[04:07:06][event.cpp:250]: unknown illustration tag 'port' (cf. gfx/illustrations/database for valid list of tags) events/historical_flavor_events.txt:790
[04:07:06][pdx_persistent_reader.cpp:289]: Error: "Unknown trigger type: location_development, near line: 799" in file: "events/historical_flavor_events.txt" near line: 800
[04:07:06][jomini_trigger.cpp:805]: has_estate: Inconsistent trigger scopes (country vs. character) at events/historical_flavor_events.txt:807
[04:07:06][pdx_persistent_reader.cpp:289]: Error: "Unknown trigger type: location:barcelona.state, near line: 801
Unknown trigger type: trade_efficiency, near line: 806
Unknown trigger type: any_owned_state, near line: 808" in file: "events/historical_flavor_events.txt" near line: 813
[04:07:06][jomini_dynamicdescription.cpp:67]: Unrecognized loc key historical_flavor.2019.a. CEventOptionDesc:172
[04:07:06][jomini_effect.cpp:556]: Unknown effect location:barcelona.state at events/historical_flavor_events.txt:822
[04:07:06][jomini_eventtarget.cpp:749]: Failed to find a valid event target link 'gold_moderate_reward' at events/historical_flavor_events.txt:825
[04:07:06][jomini_scriptvalue.h:730]: Cannot read [gold_moderate_reward] as a script value
[04:07:06][jomini_scriptvalue.h:438]: Badly read script value gold_moderate_reward at events/historical_flavor_events.txt:825
[04:07:06][jomini_dynamicdescription.cpp:67]: Unrecognized loc key historical_flavor.2019.b. CEventOptionDesc:172
[04:07:06][jomini_eventtarget.cpp:749]: Failed to find a valid event target link 'prestige_moderate_bonus' at events/historical_flavor_events.txt:830
[04:07:06][jomini_scriptvalue.h:730]: Cannot read [prestige_moderate_bonus] as a script value
[04:07:06][jomini_scriptvalue.h:438]: Badly read script value prestige_moderate_bonus at events/historical_flavor_events.txt:830
[04:07:06][jomini_dynamicdescription.cpp:67]: Unrecognized loc key historical_flavor.2020.title. events/historical_flavor_events.txt:838
[04:07:06][jomini_dynamicdescription.cpp:67]: Unrecognized loc key historical_flavor.2020.desc. events/historical_flavor_events.txt:839
[04:07:06][event.cpp:250]: unknown illustration tag 'merchants' (cf. gfx/illustrations/database for valid list of tags) events/historical_flavor_events.txt:849
[04:07:06][event.cpp:250]: unknown illustration tag 'market' (cf. gfx/illustrations/database for valid list of tags) events/historical_flavor_events.txt:850
[04:07:06][jomini_eventtarget.cpp:749]: Failed to find a valid event target link 'war_exhaustion_threshold_weak' at events/historical_flavor_events.txt:859
[04:07:06][jomini_scriptvalue.h:730]: Cannot read [war_exhaustion_threshold_weak] as a script value
[04:07:06][jomini_scriptvalue.h:438]: Badly read script value war_exhaustion_threshold_weak at events/historical_flavor_events.txt:859
[04:07:06][pdx_persistent_reader.cpp:289]: Error: "Unknown trigger type: is_at_war, near line: 858" in file: "events/historical_flavor_events.txt" near line: 863
[04:07:06][pdx_persistent_reader.cpp:289]: Error: "Unknown trigger type: capital_location, near line: 870" in file: "events/historical_flavor_events.txt" near line: 871
[04:07:06][pdx_persistent_reader.cpp:289]: Error: "Unknown trigger type: trade_efficiency, near line: 872" in file: "events/historical_flavor_events.txt" near line: 873
[04:07:06][jomini_dynamicdescription.cpp:67]: Unrecognized loc key historical_flavor.2020.a. CEventOptionDesc:172
[04:07:06][jomini_effect.cpp:556]: Unknown effect location:troyes.state at events/historical_flavor_events.txt:878
[04:07:06][jomini_eventtarget.cpp:749]: Failed to find a valid event target link 'gold_weak_penalty' at events/historical_flavor_events.txt:881
[04:07:06][jomini_scriptvalue.h:730]: Cannot read [gold_weak_penalty] as a script value
[04:07:06][jomini_scriptvalue.h:438]: Badly read script value gold_weak_penalty at events/historical_flavor_events.txt:881
[04:07:06][jomini_dynamicdescription.cpp:67]: Unrecognized loc key historical_flavor.2020.b. CEventOptionDesc:172
[04:07:06][jomini_effect.cpp:556]: Unknown effect location:troyes.state at events/historical_flavor_events.txt:886
[04:07:06][jomini_eventtarget.cpp:749]: Failed to find a valid event target link 'prestige_minor_penalty' at events/historical_flavor_events.txt:889
[04:07:06][jomini_scriptvalue.h:730]: Cannot read [prestige_minor_penalty] as a script value
[04:07:06][jomini_scriptvalue.h:438]: Badly read script value prestige_minor_penalty at events/historical_flavor_events.txt:889
[04:07:06][jomini_dynamicdescription.cpp:67]: Unrecognized loc key historical_flavor.2021.title. events/historical_flavor_events.txt:896
[04:07:06][jomini_dynamicdescription.cpp:67]: Unrecognized loc key historical_flavor.2021.desc. events/historical_flavor_events.txt:897
[04:07:06][event.cpp:250]: unknown illustration tag 'merchants' (cf. gfx/illustrations/database for valid list of tags) events/historical_flavor_events.txt:907
[04:07:06][event.cpp:250]: unknown illustration tag 'market' (cf. gfx/illustrations/database for valid list of tags) events/historical_flavor_events.txt:908
[04:07:06][jomini_trigger.cpp:805]: has_estate: Inconsistent trigger scopes (country vs. character) at events/historical_flavor_events.txt:914
[04:07:06][jomini_eventtarget.cpp:749]: Failed to find a valid event target link 'stability_threshold_moderate' at events/historical_flavor_events.txt:916
[04:07:06][jomini_scriptvalue.h:730]: Cannot read [stability_threshold_moderate] as a script value
[04:07:06][jomini_scriptvalue.h:438]: Badly read script value stability_threshold_moderate at events/historical_flavor_events.txt:916
[04:07:06][pdx_persistent_reader.cpp:289]: Error: "Unknown trigger type: capital_location, near line: 913
Unknown trigger type: any_owned_state, near line: 915
Unknown trigger type: is_at_war, near line: 916" in file: "events/historical_flavor_events.txt" near line: 916
[04:07:06][jomini_dynamicdescription.cpp:67]: Unrecognized loc key historical_flavor.2021.a. CEventOptionDesc:172
[04:07:06][jomini_eventtarget.cpp:749]: Failed to find a valid event target link 'development_large_bonus' at events/historical_flavor_events.txt:921
[04:07:06][jomini_scriptvalue.h:730]: Cannot read [development_large_bonus] as a script value
[04:07:06][jomini_scriptvalue.h:438]: Badly read script value development_large_bonus at events/historical_flavor_events.txt:921
[04:07:06][jomini_eventtarget.cpp:749]: Failed to find a valid event target link 'gold_very_large_reward' at events/historical_flavor_events.txt:922
[04:07:06][jomini_scriptvalue.h:730]: Cannot read [gold_very_large_reward] as a script value
[04:07:06][jomini_scriptvalue.h:438]: Badly read script value gold_very_large_reward at events/historical_flavor_events.txt:922
[04:07:06][jomini_eventtarget.cpp:749]: Failed to find a valid event target link 'societal_value_moderate_move_to_right' at events/historical_flavor_events.txt:925
[04:07:06][jomini_scriptvalue.h:730]: Cannot read [societal_value_moderate_move_to_right] as a script value
[04:07:06][jomini_scriptvalue.h:438]: Badly read script value societal_value_moderate_move_to_right at events/historical_flavor_events.txt:925
[04:07:06][jomini_dynamicdescription.cpp:67]: Unrecognized loc key historical_flavor.2021.b. CEventOptionDesc:172
[04:07:06][jomini_eventtarget.cpp:749]: Failed to find a valid event target link 'prestige_large_bonus' at events/historical_flavor_events.txt:948
[04:07:06][jomini_scriptvalue.h:730]: Cannot read [prestige_large_bonus] as a script value
[04:07:06][jomini_scriptvalue.h:438]: Badly read script value prestige_large_bonus at events/historical_flavor_events.txt:948
[04:07:06][jomini_eventtarget.cpp:749]: Failed to find a valid event target link 'gold_large_reward' at events/historical_flavor_events.txt:949
[04:07:06][jomini_scriptvalue.h:730]: Cannot read [gold_large_reward] as a script value
[04:07:06][jomini_scriptvalue.h:438]: Badly read script value gold_large_reward at events/historical_flavor_events.txt:949
[04:07:06][jomini_eventtarget.cpp:749]: Failed to find a valid event target link 'development_moderate_bonus' at events/historical_flavor_events.txt:951
[04:07:06][jomini_scriptvalue.h:730]: Cannot read [development_moderate_bonus] as a script value
[04:07:06][jomini_scriptvalue.h:438]: Badly read script value development_moderate_bonus at events/historical_flavor_events.txt:951
[04:07:06][jomini_dynamicdescription.cpp:67]: Unrecognized loc key historical_flavor.2022.title. events/historical_flavor_events.txt:959
[04:07:06][jomini_dynamicdescription.cpp:67]: Unrecognized loc key historical_flavor.2022.desc. events/historical_flavor_events.txt:960
[04:07:06][event.cpp:250]: unknown illustration tag 'writing' (cf. gfx/illustrations/database for valid list of tags) events/historical_flavor_events.txt:970
[04:07:06][event.cpp:250]: unknown illustration tag 'diplomacy' (cf. gfx/illustrations/database for valid list of tags) events/historical_flavor_events.txt:971
[04:07:06][jomini_eventtarget.cpp:749]: Failed to find a valid event target link 'liberty_desire_threshold_moderate' at events/historical_flavor_events.txt:981
[04:07:06][jomini_scriptvalue.h:730]: Cannot read [liberty_desire_threshold_moderate] as a script value
[04:07:06][jomini_scriptvalue.h:438]: Badly read script value liberty_desire_threshold_moderate at events/historical_flavor_events.txt:981
[04:07:06][jomini_trigger.cpp:805]: has_estate: Inconsistent trigger scopes (country vs. character) at events/historical_flavor_events.txt:985
[04:07:06][jomini_dynamicdescription.cpp:67]: Unrecognized loc key historical_flavor.2022.a. CEventOptionDesc:172
[04:07:06][jomini_eventtarget.cpp:749]: Failed to find a valid event target link 'legitimacy_large_bonus' at events/historical_flavor_events.txt:997
[04:07:06][jomini_scriptvalue.h:730]: Cannot read [legitimacy_large_bonus] as a script value
[04:07:06][jomini_scriptvalue.h:438]: Badly read script value legitimacy_large_bonus at events/historical_flavor_events.txt:997
[04:07:06][jomini_eventtarget.cpp:749]: Failed to find a valid event target link 'prestige_very_large_bonus' at events/historical_flavor_events.txt:998
[04:07:06][jomini_scriptvalue.h:730]: Cannot read [prestige_very_large_bonus] as a script value
[04:07:06][jomini_scriptvalue.h:438]: Badly read script value prestige_very_large_bonus at events/historical_flavor_events.txt:998
[04:07:06][jomini_effect.cpp:918]: Failed to read 'value' for 'add_opinion' at events/historical_flavor_events.txt:1008
[04:07:06][jomini_dynamicdescription.cpp:67]: Unrecognized loc key historical_flavor.2022.b. CEventOptionDesc:172
[04:07:06][jomini_eventtarget.cpp:749]: Failed to find a valid event target link 'prestige_large_bonus' at events/historical_flavor_events.txt:1014
[04:07:06][jomini_scriptvalue.h:730]: Cannot read [prestige_large_bonus] as a script value
[04:07:06][jomini_scriptvalue.h:438]: Badly read script value prestige_large_bonus at events/historical_flavor_events.txt:1014
[04:07:06][jomini_eventtarget.cpp:749]: Failed to find a valid event target link 'prestige_large_bonus' at events/historical_flavor_events.txt:1015
[04:07:06][jomini_scriptvalue.h:730]: Cannot read [prestige_large_bonus] as a script value
[04:07:06][jomini_scriptvalue.h:438]: Badly read script value prestige_large_bonus at events/historical_flavor_events.txt:1015
[04:07:06][jomini_eventtarget.cpp:749]: Failed to find a valid event target link 'estate_satisfaction_moderate_bonus' at events/historical_flavor_events.txt:1016
[04:07:06][jomini_scriptvalue.h:730]: Cannot read [estate_satisfaction_moderate_bonus] as a script value
[04:07:06][jomini_scriptvalue.h:438]: Badly read script value estate_satisfaction_moderate_bonus at events/historical_flavor_events.txt:1016
[04:07:06][jomini_dynamicdescription.cpp:67]: Unrecognized loc key historical_flavor.2022.c. CEventOptionDesc:172
[04:07:06][jomini_eventtarget.cpp:749]: Failed to find a valid event target link '{' at events/historical_flavor_events.txt:1026
[04:07:06][jomini_effect.cpp:556]: Unknown effect target at events/historical_flavor_events.txt:1026
[04:07:06][pdx_persistent_reader.cpp:289]: Error: "Unexpected token: add_prestige, near line: 1028" in file: "events/historical_flavor_events.txt" near line: 1028
[04:07:06][pdx_persistent_reader.cpp:289]: Error: "Unexpected token: add_army_tradition, near line: 1029" in file: "events/historical_flavor_events.txt" near line: 1029
[04:07:06][jomini_eventmanager.cpp:583]: Namespace '}' used in event '}' (file: events/historical_flavor_events.txt) is not defined in this file - it might not load properly.
[04:07:06][jomini_eventmanager.cpp:136]: '}' is not a valid event ID, can't be <= 0
[04:07:06][pdx_persistent_reader.cpp:289]: Error: "Unexpected token: =, near line: 1034" in file: "events/historical_flavor_events.txt" near line: 1096
[04:07:06][pdx_persistent_reader.cpp:289]: Error: "Unexpected token: historical_flavor.2024, near line: 1099" in file: "events/historical_flavor_events.txt" near line: 1172
[04:07:06][pdx_persistent_reader.cpp:289]: Error: "Unexpected token: historical_flavor.2025, near line: 1175" in file: "events/historical_flavor_events.txt" near line: 1231
[04:07:06][pdx_persistent_reader.cpp:289]: Error: "Unexpected token: historical_flavor.2026, near line: 1234" in file: "events/historical_flavor_events.txt" near line: 1286
[04:07:06][pdx_persistent_reader.cpp:289]: Error: "Unexpected token: historical_flavor.2027, near line: 1289" in file: "events/historical_flavor_events.txt" near line: 1345
[04:07:06][pdx_persistent_reader.cpp:289]: Error: "Unexpected token: historical_flavor.2028, near line: 1348" in file: "events/historical_flavor_events.txt" near line: 1405
[04:07:06][pdx_persistent_reader.cpp:289]: Error: "Unexpected token: historical_flavor.2029, near line: 1408" in file: "events/historical_flavor_events.txt" near line: 1474
[04:07:06][pdx_persistent_reader.cpp:289]: Error: "Unexpected token: historical_flavor.2030, near line: 1477" in file: "events/historical_flavor_events.txt" near line: 1558
[04:07:06][pdx_persistent_reader.cpp:289]: Error: "Unexpected token: historical_flavor.2031, near line: 1561" in file: "events/historical_flavor_events.txt" near line: 1632
[04:07:06][pdx_persistent_reader.cpp:289]: Error: "Unexpected token: historical_flavor.2032, near line: 1635" in file: "events/historical_flavor_events.txt" near line: 1693
[04:07:06][pdx_persistent_reader.cpp:289]: Error: "Unexpected token: historical_flavor.2032_fra, near line: 1696" in file: "events/historical_flavor_events.txt" near line: 1746
[04:07:06][pdx_persistent_reader.cpp:289]: Error: "Unexpected token: historical_flavor.2033, near line: 1749" in file: "events/historical_flavor_events.txt" near line: 1810
[04:07:06][pdx_persistent_reader.cpp:289]: Error: "Unexpected token: historical_flavor.2033_ally, near line: 1813" in file: "events/historical_flavor_events.txt" near line: 1860
[04:07:06][jomini_eventmanager.cpp:440]: Duplicated event ID 'historical_flavor.0000' found. New Location: 'events/historical_flavor_events.txt:7', Previous Location: 'events/historical_flavor_events.txt:1034'
[04:07:13][pdx_persistent_reader.cpp:289]: Error: "Failed to read key reference: idea_group_limit_3: idea_group_limit_3, near line: 3
Failed to read key reference: iv2_innovation_points_limit_1: iv2_innovation_points_limit_1, near line: 3
Failed to read key reference: iv2_generic_conquest_cb_1: iv2_generic_conquest_cb_1, near line: 3
Failed to read key reference: iv2_rule_ig_buildings_1: iv2_rule_ig_buildings_1, near line: 3
Failed to read key reference: iv2_rule_guard_units_1: iv2_rule_guard_units_1, near line: 3
Failed to read key reference: iv2_rule_exploration_ideas_3: iv2_rule_exploration_ideas_3, near line: 3
Failed to read key reference: historical_timur_conquests: historical_timur_conquests, near line: 3
Failed to read key reference: historical_turkomen: historical_turkomen, near line: 3
Failed to read key reference: historical_safavids: historical_safavids, near line: 3" in file: "" near line: 3
[04:07:22][pdx_persistent_reader.cpp:289]: Error: "Unknown trigger type: current_later_age_3_renaissance_trigger, near line: 107" in file: "common/scripted_triggers/game_triggers.txt" near line: 107
[04:07:22][pdx_persistent_reader.cpp:289]: Error: "Failed to read key reference: idea_group_limit_3: idea_group_limit_3, near line: 3
Failed to read key reference: iv2_innovation_points_limit_1: iv2_innovation_points_limit_1, near line: 3
Failed to read key reference: iv2_generic_conquest_cb_1: iv2_generic_conquest_cb_1, near line: 3
Failed to read key reference: iv2_rule_ig_buildings_1: iv2_rule_ig_buildings_1, near line: 3
Failed to read key reference: iv2_rule_guard_units_1: iv2_rule_guard_units_1, near line: 3
Failed to read key reference: iv2_rule_exploration_ideas_3: iv2_rule_exploration_ideas_3, near line: 3
Failed to read key reference: historical_timur_conquests: historical_timur_conquests, near line: 3
Failed to read key reference: historical_turkomen: historical_turkomen, near line: 3
Failed to read key reference: historical_safavids: historical_safavids, near line: 3" in file: "" near line: 3
[04:07:22][localization_util.cpp:103]: incompetent_fool_die_desc: "TODO : Write a desc"
[04:07:22][localization_util.cpp:103]: cursed_ruler_die_desc: "TODO : Write a desc"
[04:07:22][localization_util.cpp:103]: plague_carrier_die_desc: "TODO : Write a desc"
[04:07:22][localization_util.cpp:103]: tyrant_despot_die_desc: "TODO : Write a desc"
[04:07:22][localization_util.cpp:103]: economically_ruined_die_desc: "TODO : Write a desc"
[04:07:22][localization_util.cpp:103]: chronic_gambler_die_desc: "TODO : Write a desc"
[04:07:22][localization_util.cpp:103]: paranoid_schemer_die_desc: "TODO : Write a desc"
[04:07:22][localization_util.cpp:103]: weak_willed_die_desc: "TODO : Write a desc"
[04:07:22][localization_util.cpp:103]: siege_incompetent_die_desc: "TODO : Write a desc"
[04:07:22][localization_util.cpp:103]: ambitious_but_weak_die_desc: "TODO : Write a desc"
[04:07:22][localization_util.cpp:103]: reckless_spender_die_desc: "TODO : Write a desc"
[04:07:22][localization_util.cpp:103]: lucky_merchant_die_desc: "TODO : Write a desc"
[04:07:22][localization_util.cpp:103]: battle_hardened_die_desc: "TODO : Write a desc"
[04:07:22][localization_util.cpp:103]: diplomatic_genius_die_desc: "TODO : Write a desc"
[04:07:22][localization_util.cpp:103]: strategic_mind_die_desc: "TODO : Write a desc"
[04:07:22][localization_util.cpp:103]: naval_supremacist_die_desc: "TODO : Write a desc"
[04:07:22][localization_util.cpp:103]: absolute_authority_die_desc: "TODO : Write a desc"
[04:07:22][localization_util.cpp:103]: economic_titan_die_desc: "TODO : Write a desc"
[04:07:22][localization_util.cpp:103]: conquerer_supreme_die_desc: "TODO : Write a desc"
[04:07:22][localization_util.cpp:103]: godlike_ruler_die_desc: "TODO : Write a desc"
[04:07:22][localization_util.cpp:103]: hl_placeholder: "Hl placeholder"
[04:07:22][localization_util.cpp:103]: hl_placeholder_desc: "TODO : Write a desc"
[04:07:22][localization_util.cpp:103]: hl_placeholder_off: "Hl placeholder off"
[04:07:22][localization_util.cpp:103]: hl_placeholder_off_desc: "TODO : Write a desc"
[04:07:22][localization_util.cpp:103]: leader_modifier: "Leader modifier"
[04:07:22][localization_util.cpp:103]: leader_modifier_desc: "TODO : Write a desc"
[04:07:22][localization_util.cpp:103]: diplomatic_reputation: "Diplomatic reputation"
[04:07:22][localization_util.cpp:103]: diplomatic_reputation_desc: "TODO : Write a desc"
[04:07:22][localization_util.cpp:103]: wants_propose_policy: "Wants propose policy"
[04:07:22][localization_util.cpp:103]: wants_propose_policy_desc: "TODO : Write a desc"
[04:07:22][localization_util.cpp:103]: add: "Add"
[04:07:22][localization_util.cpp:103]: add_desc: "TODO : Write a desc"
[04:07:22][localization_util.cpp:103]: wants_this_policy_bias: "Wants this policy bias"
[04:07:22][localization_util.cpp:103]: wants_this_policy_bias_desc: "TODO : Write a desc"
[04:07:22][localization_util.cpp:103]: add: "Add"
[04:07:22][localization_util.cpp:103]: add_desc: "TODO : Write a desc"
[04:07:22][localization_util.cpp:103]: add: "Add"
[04:07:22][localization_util.cpp:103]: add_desc: "TODO : Write a desc"
[04:07:22][localization_util.cpp:103]: }: "}"
[04:07:22][localization_util.cpp:103]: }_desc: "TODO : Write a desc"
[04:07:22][laws_and_policies.cpp:1558]: Law '}' has no policies, this will cause crashes!
[04:07:22][localization_util.cpp:103]: =: "="
[04:07:22][localization_util.cpp:103]: =_desc: "TODO : Write a desc"
[04:07:22][laws_and_policies.cpp:1558]: Law '=' has no policies, this will cause crashes!
[04:07:22][localization_util.cpp:103]: international_organization_modifier: "International organization modifier"
[04:07:22][localization_util.cpp:103]: international_organization_modifier_desc: "TODO : Write a desc"
[04:07:22][localization_util.cpp:103]: improve_relations_cost: "Improve relations cost"
[04:07:22][localization_util.cpp:103]: improve_relations_cost_desc: "TODO : Write a desc"
[04:07:22][localization_util.cpp:103]: member_modifier: "Member modifier"
[04:07:22][localization_util.cpp:103]: member_modifier_desc: "TODO : Write a desc"
[04:07:22][localization_util.cpp:103]: improve_relations_cost: "Improve relations cost"
[04:07:22][localization_util.cpp:103]: improve_relations_cost_desc: "TODO : Write a desc"
[04:07:22][localization_util.cpp:103]: hl_profit_distribution_desc: "TODO : Write a desc"
[04:07:22][localization_util.cpp:103]: hl_tagfahrt_frequency_desc: "TODO : Write a desc"
[04:07:22][localization_util.cpp:103]: hl_foreign_policy_desc: "TODO : Write a desc"
